#! /usr/bin/vvp
:ivl_version "11.0 (stable)";
:ivl_delay_selection "TYPICAL";
:vpi_time_precision - 12;
:vpi_module "/usr/lib/x86_64-linux-gnu/ivl/system.vpi";
:vpi_module "/usr/lib/x86_64-linux-gnu/ivl/vhdl_sys.vpi";
:vpi_module "/usr/lib/x86_64-linux-gnu/ivl/vhdl_textio.vpi";
:vpi_module "/usr/lib/x86_64-linux-gnu/ivl/v2005_math.vpi";
:vpi_module "/usr/lib/x86_64-linux-gnu/ivl/va_math.vpi";
S_0x5587cf152410 .scope module, "mpu6050" "mpu6050" 2 8;
 .timescale -9 -12;
    .port_info 0 /INPUT 1 "clk_i";
    .port_info 1 /INPUT 1 "rst_i";
    .port_info 2 /OUTPUT 32 "data1_o";
    .port_info 3 /OUTPUT 32 "data2_o";
    .port_info 4 /OUTPUT 32 "data3_o";
    .port_info 5 /INOUT 1 "scl";
    .port_info 6 /INOUT 1 "sda";
P_0x5587cf0c2400 .param/l "AWAIT_DATA" 1 2 38, C4<1001>;
P_0x5587cf0c2440 .param/l "CNT_1_SEC" 1 2 64, +C4<0000000000000000000000000000000000000111101111111010010010000000>;
P_0x5587cf0c2480 .param/l "CNT_200HZ" 1 2 65, +C4<00000000000000011000011010100000>;
P_0x5587cf0c24c0 .param/l "ERROR" 1 2 40, C4<1011>;
P_0x5587cf0c2500 .param/l "I2C_ADDR" 1 2 26, C4<1101000>;
P_0x5587cf0c2540 .param/l "INCR_DATA_AQ" 1 2 39, C4<1010>;
P_0x5587cf0c2580 .param/l "READ_REQ" 1 2 37, C4<1000>;
P_0x5587cf0c25c0 .param/l "SEN_14_DATA_REQ" 1 2 36, C4<0111>;
P_0x5587cf0c2600 .param/l "SETUP" 1 2 29, C4<0000>;
P_0x5587cf0c2640 .param/l "WHO_AM_I_AQ" 1 2 32, C4<0011>;
P_0x5587cf0c2680 .param/l "WHO_AWAIT_DATA" 1 2 34, C4<0101>;
P_0x5587cf0c26c0 .param/l "WHO_LOAD_DATA_AQ" 1 2 35, C4<0110>;
P_0x5587cf0c2700 .param/l "WHO_READ_REQ" 1 2 33, C4<0100>;
P_0x5587cf0c2740 .param/l "WRITE_FINISH" 1 2 31, C4<0010>;
P_0x5587cf0c2780 .param/l "WRITE_REQ" 1 2 30, C4<0001>;
v0x5587cf17bdf0_0 .net *"_ivl_1", 15 0, L_0x5587cf182c20;  1 drivers
v0x5587cf17bef0_0 .net *"_ivl_13", 15 0, L_0x5587cf183200;  1 drivers
v0x5587cf17bfd0_0 .net *"_ivl_15", 15 0, L_0x5587cf1832a0;  1 drivers
v0x5587cf17c090_0 .net *"_ivl_3", 15 0, L_0x5587cf182d20;  1 drivers
v0x5587cf17c170_0 .net *"_ivl_7", 15 0, L_0x5587cf182f30;  1 drivers
v0x5587cf17c250_0 .net *"_ivl_9", 15 0, L_0x5587cf183000;  1 drivers
v0x5587cf17c330_0 .net "busy", 0 0, v0x5587cf152270_0;  1 drivers
o0x7f99c9ffa3a8 .functor BUFZ 1, C4<z>; HiZ drive
v0x5587cf17c3d0_0 .net "clk_i", 0 0, o0x7f99c9ffa3a8;  0 drivers
v0x5587cf17c470_0 .var "cntr", 26 0;
v0x5587cf17c510_0 .net "data1_o", 31 0, L_0x5587cf182df0;  1 drivers
v0x5587cf17c5f0_0 .net "data2_o", 31 0, L_0x5587cf1830a0;  1 drivers
v0x5587cf17c6d0_0 .net "data3_o", 31 0, L_0x5587cf183390;  1 drivers
v0x5587cf17c7b0_0 .net "data_out", 7 0, v0x5587cf17a2b0_0;  1 drivers
v0x5587cf17c870_0 .var "data_read", 7 0;
v0x5587cf17c930_0 .var "en_cntr", 0 0;
v0x5587cf17c9f0_0 .var "i_byte_len", 23 0;
v0x5587cf17cab0_0 .var "i_data_write", 7 0;
v0x5587cf17cb50_0 .var "i_sub_addr", 15 0;
v0x5587cf17cbf0_0 .var "i_sub_len", 0 0;
v0x5587cf17cc90_0 .net "nack", 0 0, v0x5587cf17abb0_0;  1 drivers
v0x5587cf17cd60_0 .var "read_bytes", 23 0;
v0x5587cf17ce00_0 .net "req_data_chunk", 0 0, v0x5587cf17afb0_0;  1 drivers
v0x5587cf17ced0_0 .var "request_transmit", 0 0;
o0x7f99c9ffad98 .functor BUFZ 1, C4<z>; HiZ drive
v0x5587cf17cfa0_0 .net "rst_i", 0 0, o0x7f99c9ffad98;  0 drivers
v0x5587cf17d040_0 .net "scl", 0 0, L_0x5587cf183520;  1 drivers
v0x5587cf17d110_0 .net "sda", 0 0, L_0x5587cf155270;  1 drivers
v0x5587cf17d1e0_0 .var "senser_14_data", 111 0;
v0x5587cf17d280_0 .var "senser_14_read", 0 0;
v0x5587cf17d320_0 .var "slave_addr", 7 0;
v0x5587cf17d3f0_0 .var "state", 3 0;
v0x5587cf17d4b0_0 .net "valid_out", 0 0, v0x5587cf17bb50_0;  1 drivers
v0x5587cf17d580_0 .var "who_am_i", 7 0;
v0x5587cf17d640_0 .var "who_am_i_read", 0 0;
E_0x5587cf0df910 .event posedge, v0x5587cf17cfa0_0, v0x5587cf17a870_0;
L_0x5587cf182c20 .part v0x5587cf17d1e0_0, 80, 16;
L_0x5587cf182d20 .part v0x5587cf17d1e0_0, 96, 16;
L_0x5587cf182df0 .concat [ 16 16 0 0], L_0x5587cf182d20, L_0x5587cf182c20;
L_0x5587cf182f30 .part v0x5587cf17d1e0_0, 32, 16;
L_0x5587cf183000 .part v0x5587cf17d1e0_0, 64, 16;
L_0x5587cf1830a0 .concat [ 16 16 0 0], L_0x5587cf183000, L_0x5587cf182f30;
L_0x5587cf183200 .part v0x5587cf17d1e0_0, 0, 16;
L_0x5587cf1832a0 .part v0x5587cf17d1e0_0, 16, 16;
L_0x5587cf183390 .concat [ 16 16 0 0], L_0x5587cf1832a0, L_0x5587cf183200;
L_0x5587cf183610 .reduce/nor o0x7f99c9ffad98;
S_0x5587cf078cf0 .scope module, "i_i2c_master" "i2c_master" 2 227, 2 281 0, S_0x5587cf152410;
 .timescale -9 -12;
    .port_info 0 /INPUT 1 "i_clk";
    .port_info 1 /INPUT 1 "reset_n";
    .port_info 2 /INPUT 8 "i_addr_w_rw";
    .port_info 3 /INPUT 16 "i_sub_addr";
    .port_info 4 /INPUT 1 "i_sub_len";
    .port_info 5 /INPUT 24 "i_byte_len";
    .port_info 6 /INPUT 8 "i_data_write";
    .port_info 7 /INPUT 1 "req_trans";
    .port_info 8 /OUTPUT 8 "data_out";
    .port_info 9 /OUTPUT 1 "valid_out";
    .port_info 10 /INOUT 1 "scl_o";
    .port_info 11 /INOUT 1 "sda_o";
    .port_info 12 /OUTPUT 1 "req_data_chunk";
    .port_info 13 /OUTPUT 1 "busy";
    .port_info 14 /OUTPUT 1 "nack";
P_0x5587cf15d820 .param/l "ACK_NACK_RX" 1 2 352, C4<1000>;
P_0x5587cf15d860 .param/l "ACK_NACK_TX" 1 2 353, C4<1001>;
P_0x5587cf15d8a0 .param/l "CLK_FREQ" 0 2 359, +C4<0000000000000000000000000000000000000111101111111010010010000000>;
P_0x5587cf15d8e0 .param/l "DATA_HOLD_TIME" 1 2 373, C4<00000011>;
P_0x5587cf15d920 .param/l "DATA_SETUP_TIME" 1 2 372, C4<00001101>;
P_0x5587cf15d960 .param/l "DIVIDER" 1 2 362, C4<0000000010100010>;
P_0x5587cf15d9a0 .param/l "GRAB_DATA" 1 2 351, C4<0111>;
P_0x5587cf15d9e0 .param/l "IDLE" 1 2 343, C4<0000>;
P_0x5587cf15da20 .param/l "READ" 1 2 349, C4<0101>;
P_0x5587cf15da60 .param/l "RELEASE_BUS" 1 2 355, C4<1011>;
P_0x5587cf15daa0 .param/l "RESTART" 1 2 345, C4<0010>;
P_0x5587cf15dae0 .param/l "SCL_FREQ" 0 2 360, +C4<00000000000001100001101010000000>;
P_0x5587cf15db20 .param/l "SLAVE_ADDR" 1 2 346, C4<0011>;
P_0x5587cf15db60 .param/l "START" 1 2 344, C4<0001>;
P_0x5587cf15dba0 .param/l "START_IND_HOLD" 1 2 371, C4<01001110>;
P_0x5587cf15dbe0 .param/l "START_IND_SETUP" 1 2 370, C4<01011011>;
P_0x5587cf15dc20 .param/l "STOP" 1 2 354, C4<1010>;
P_0x5587cf15dc60 .param/l "STOP_IND_SETUP" 1 2 374, C4<01001110>;
P_0x5587cf15dca0 .param/l "SUB_ADDR" 1 2 347, C4<0100>;
P_0x5587cf15dce0 .param/l "T_HD_DAT_NS" 1 2 366, +C4<00000000000000000000000000011110>;
P_0x5587cf15dd20 .param/l "T_HD_STA_NS" 1 2 363, +C4<00000000000000000000001001011000>;
P_0x5587cf15dd60 .param/l "T_SU_DAT_NS" 1 2 365, +C4<00000000000000000000000001100100>;
P_0x5587cf15dda0 .param/l "T_SU_STA_NS" 1 2 364, +C4<00000000000000000000001010111100>;
P_0x5587cf15dde0 .param/l "T_SU_STO_NS" 1 2 367, +C4<00000000000000000000001001011000>;
P_0x5587cf15de20 .param/l "WRITE" 1 2 350, C4<0110>;
L_0x5587cf155270 .functor BUFZ 1, v0x5587cf17aef0_0, C4<0>, C4<0>, C4<0>;
o0x7f99c9ffa018 .functor BUFZ 1, C4<z>; HiZ drive
; Elide local net with no drivers, v0x5587cf13c0b0_0 name=_ivl_2
v0x5587cf13c1b0_0 .var "ack_in_prog", 0 0;
v0x5587cf11b770_0 .var "ack_nack", 0 0;
v0x5587cf11b870_0 .var "addr", 7 0;
v0x5587cf152270_0 .var "busy", 0 0;
v0x5587cf13ad40_0 .var "byte_len", 23 0;
v0x5587cf11a4a0_0 .var "byte_sent", 0 0;
v0x5587cf179e70_0 .var "byte_sr", 7 0;
v0x5587cf179f50_0 .var "clk_i2c", 0 0;
v0x5587cf17a010_0 .var "clk_i2c_cntr", 15 0;
v0x5587cf17a0f0_0 .var "cntr", 2 0;
v0x5587cf17a1d0_0 .var "data_in_sr", 7 0;
v0x5587cf17a2b0_0 .var "data_out", 7 0;
v0x5587cf17a390_0 .var "data_to_write", 7 0;
v0x5587cf17a470_0 .var "en_end_indicator", 0 0;
v0x5587cf17a530_0 .var "en_scl", 0 0;
v0x5587cf17a5f0_0 .var "grab_next_data", 0 0;
v0x5587cf17a6b0_0 .net "i_addr_w_rw", 7 0, v0x5587cf17d320_0;  1 drivers
v0x5587cf17a790_0 .net "i_byte_len", 23 0, v0x5587cf17c9f0_0;  1 drivers
v0x5587cf17a870_0 .net "i_clk", 0 0, o0x7f99c9ffa3a8;  alias, 0 drivers
v0x5587cf17a930_0 .net "i_data_write", 7 0, v0x5587cf17cab0_0;  1 drivers
v0x5587cf17aa10_0 .net "i_sub_addr", 15 0, v0x5587cf17cb50_0;  1 drivers
v0x5587cf17aaf0_0 .net "i_sub_len", 0 0, v0x5587cf17cbf0_0;  1 drivers
v0x5587cf17abb0_0 .var "nack", 0 0;
v0x5587cf17ac70_0 .var "next_state", 3 0;
v0x5587cf17ad50_0 .var "num_byte_sent", 23 0;
v0x5587cf17ae30_0 .var "read_sub_addr_sent_flag", 0 0;
v0x5587cf17aef0_0 .var "reg_sda_o", 0 0;
v0x5587cf17afb0_0 .var "req_data_chunk", 0 0;
v0x5587cf17b070_0 .net "req_trans", 0 0, v0x5587cf17ced0_0;  1 drivers
v0x5587cf17b130_0 .net "reset_n", 0 0, L_0x5587cf183610;  1 drivers
v0x5587cf17b1f0_0 .var "rw", 0 0;
v0x5587cf17b2b0_0 .var "scl_curr", 0 0;
v0x5587cf17b370_0 .var "scl_is_high", 0 0;
v0x5587cf17b430_0 .var "scl_is_low", 0 0;
v0x5587cf17b4f0_0 .net "scl_o", 0 0, L_0x5587cf183520;  alias, 1 drivers
v0x5587cf17b5b0_0 .var "scl_prev", 0 0;
v0x5587cf17b670_0 .var "sda_curr", 1 0;
v0x5587cf17b750_0 .net "sda_o", 0 0, L_0x5587cf155270;  alias, 1 drivers
v0x5587cf17b810_0 .var "sda_prev", 0 0;
v0x5587cf17b8d0_0 .var "state", 3 0;
v0x5587cf17b9b0_0 .var "sub_addr", 15 0;
v0x5587cf17ba90_0 .var "sub_len", 0 0;
v0x5587cf17bb50_0 .var "valid_out", 0 0;
E_0x5587cf09c9b0 .event negedge, v0x5587cf17b130_0, v0x5587cf17a870_0;
E_0x5587cf15c0d0/0 .event negedge, v0x5587cf17b130_0;
E_0x5587cf15c0d0/1 .event posedge, v0x5587cf17a870_0;
E_0x5587cf15c0d0 .event/or E_0x5587cf15c0d0/0, E_0x5587cf15c0d0/1;
L_0x5587cf183520 .functor MUXZ 1, o0x7f99c9ffa018, v0x5587cf179f50_0, v0x5587cf17a530_0, C4<>;
S_0x5587cf15c9e0 .scope module, "tb_i2c_master" "tb_i2c_master" 3 9;
 .timescale -9 -12;
P_0x5587cf0a1b20 .param/l "CLK_FREQ_MHZ" 1 3 15, +C4<00000000000000000000000010000010>;
P_0x5587cf0a1b60 .param/real "CLK_PERIOD_NS" 1 3 17, Cr<m7b13b13b13b13c00gfc4>; value=7.69231
P_0x5587cf0a1ba0 .param/l "I2C_SLAVE_ADDR" 1 3 20, C4<1101000>;
P_0x5587cf0a1be0 .param/real "T_HD_DAT_NS" 1 3 24, Cr<m0gfc1>; value=0.00000
P_0x5587cf0a1c20 .param/real "T_SU_DAT_NS" 1 3 23, Cr<m6400000000000000gfc8>; value=100.000
L_0x7f99c9fb1018 .functor BUFT 1, C4<0>, C4<0>, C4<0>, C4<0>;
v0x5587cf181a40_0 .net/2u *"_ivl_0", 0 0, L_0x7f99c9fb1018;  1 drivers
o0x7f99c9ffbb48 .functor BUFZ 1, C4<z>; HiZ drive
; Elide local net with no drivers, v0x5587cf181b40_0 name=_ivl_2
v0x5587cf181c20_0 .var "bit_count", 3 0;
v0x5587cf181ce0_0 .net "busy", 0 0, v0x5587cf17f650_0;  1 drivers
v0x5587cf181db0_0 .net "data_out", 7 0, v0x5587cf17fcf0_0;  1 drivers
v0x5587cf181e50_0 .var/real "hold_time", 0 0;
v0x5587cf181ef0_0 .var "i_addr_w_rw", 7 0;
v0x5587cf181fe0_0 .var "i_byte_len", 23 0;
v0x5587cf1820b0_0 .var "i_clk", 0 0;
v0x5587cf182180_0 .var "i_data_write", 7 0;
v0x5587cf182250_0 .var "i_sub_addr", 15 0;
v0x5587cf182320_0 .var "i_sub_len", 0 0;
v0x5587cf1823f0_0 .net "nack", 0 0, v0x5587cf1805f0_0;  1 drivers
v0x5587cf1824c0_0 .net "req_data_chunk", 0 0, v0x5587cf1809f0_0;  1 drivers
v0x5587cf182590_0 .var "req_trans", 0 0;
v0x5587cf182660_0 .var "reset_n", 0 0;
v0x5587cf182730_0 .net "scl_o", 0 0, L_0x5587cf183770;  1 drivers
RS_0x7f99c9ffb728 .resolv tri, v0x5587cf180930_0, L_0x5587cf1838f0;
v0x5587cf182800_0 .net8 "sda_o", 0 0, RS_0x7f99c9ffb728;  2 drivers
v0x5587cf1828d0_0 .var "sda_slave_ack", 0 0;
v0x5587cf182970_0 .var/real "setup_time", 0 0;
v0x5587cf182a10_0 .var/real "t_scl_negedge", 0 0;
v0x5587cf182ab0_0 .var/real "t_sda_change", 0 0;
v0x5587cf182b50_0 .net "valid_out", 0 0, v0x5587cf1817a0_0;  1 drivers
E_0x5587cf0e51b0 .event edge, v0x5587cf1813a0_0;
E_0x5587cf15c520 .event posedge, v0x5587cf181140_0;
E_0x5587cf17da50 .event negedge, v0x5587cf181140_0;
E_0x5587cf17dab0 .event negedge, v0x5587cf1813a0_0;
E_0x5587cf17db40/0 .event negedge, v0x5587cf180b70_0;
E_0x5587cf17db40/1 .event posedge, v0x5587cf181140_0;
E_0x5587cf17db40 .event/or E_0x5587cf17db40/0, E_0x5587cf17db40/1;
E_0x5587cf17dba0 .event edge, v0x5587cf17f650_0;
E_0x5587cf17dc40 .event posedge, v0x5587cf1802b0_0;
E_0x5587cf17dca0 .event posedge, v0x5587cf180b70_0;
L_0x5587cf1838f0 .functor MUXZ 1, o0x7f99c9ffbb48, L_0x7f99c9fb1018, v0x5587cf1828d0_0, C4<>;
S_0x5587cf17dd50 .scope module, "dut" "i2c_master" 3 63, 2 281 0, S_0x5587cf15c9e0;
 .timescale -9 -12;
    .port_info 0 /INPUT 1 "i_clk";
    .port_info 1 /INPUT 1 "reset_n";
    .port_info 2 /INPUT 8 "i_addr_w_rw";
    .port_info 3 /INPUT 16 "i_sub_addr";
    .port_info 4 /INPUT 1 "i_sub_len";
    .port_info 5 /INPUT 24 "i_byte_len";
    .port_info 6 /INPUT 8 "i_data_write";
    .port_info 7 /INPUT 1 "req_trans";
    .port_info 8 /OUTPUT 8 "data_out";
    .port_info 9 /OUTPUT 1 "valid_out";
    .port_info 10 /INOUT 1 "scl_o";
    .port_info 11 /INOUT 1 "sda_o";
    .port_info 12 /OUTPUT 1 "req_data_chunk";
    .port_info 13 /OUTPUT 1 "busy";
    .port_info 14 /OUTPUT 1 "nack";
P_0x5587cf17dee0 .param/l "ACK_NACK_RX" 1 2 352, C4<1000>;
P_0x5587cf17df20 .param/l "ACK_NACK_TX" 1 2 353, C4<1001>;
P_0x5587cf17df60 .param/l "CLK_FREQ" 0 2 359, +C4<0000000000000000000000000000000000000111101111111010010010000000>;
P_0x5587cf17dfa0 .param/l "DATA_HOLD_TIME" 1 2 373, C4<00000011>;
P_0x5587cf17dfe0 .param/l "DATA_SETUP_TIME" 1 2 372, C4<00001101>;
P_0x5587cf17e020 .param/l "DIVIDER" 1 2 362, C4<0000000010100010>;
P_0x5587cf17e060 .param/l "GRAB_DATA" 1 2 351, C4<0111>;
P_0x5587cf17e0a0 .param/l "IDLE" 1 2 343, C4<0000>;
P_0x5587cf17e0e0 .param/l "READ" 1 2 349, C4<0101>;
P_0x5587cf17e120 .param/l "RELEASE_BUS" 1 2 355, C4<1011>;
P_0x5587cf17e160 .param/l "RESTART" 1 2 345, C4<0010>;
P_0x5587cf17e1a0 .param/l "SCL_FREQ" 0 2 360, +C4<00000000000001100001101010000000>;
P_0x5587cf17e1e0 .param/l "SLAVE_ADDR" 1 2 346, C4<0011>;
P_0x5587cf17e220 .param/l "START" 1 2 344, C4<0001>;
P_0x5587cf17e260 .param/l "START_IND_HOLD" 1 2 371, C4<01001110>;
P_0x5587cf17e2a0 .param/l "START_IND_SETUP" 1 2 370, C4<01011011>;
P_0x5587cf17e2e0 .param/l "STOP" 1 2 354, C4<1010>;
P_0x5587cf17e320 .param/l "STOP_IND_SETUP" 1 2 374, C4<01001110>;
P_0x5587cf17e360 .param/l "SUB_ADDR" 1 2 347, C4<0100>;
P_0x5587cf17e3a0 .param/l "T_HD_DAT_NS" 1 2 366, +C4<00000000000000000000000000011110>;
P_0x5587cf17e3e0 .param/l "T_HD_STA_NS" 1 2 363, +C4<00000000000000000000001001011000>;
P_0x5587cf17e420 .param/l "T_SU_DAT_NS" 1 2 365, +C4<00000000000000000000000001100100>;
P_0x5587cf17e460 .param/l "T_SU_STA_NS" 1 2 364, +C4<00000000000000000000001010111100>;
P_0x5587cf17e4a0 .param/l "T_SU_STO_NS" 1 2 367, +C4<00000000000000000000001001011000>;
P_0x5587cf17e4e0 .param/l "WRITE" 1 2 350, C4<0110>;
o0x7f99c9ffb008 .functor BUFZ 1, C4<z>; HiZ drive
; Elide local net with no drivers, v0x5587cf17f2e0_0 name=_ivl_2
v0x5587cf17f3e0_0 .var "ack_in_prog", 0 0;
v0x5587cf17f4a0_0 .var "ack_nack", 0 0;
v0x5587cf17f570_0 .var "addr", 7 0;
v0x5587cf17f650_0 .var "busy", 0 0;
v0x5587cf17f710_0 .var "byte_len", 23 0;
v0x5587cf17f7f0_0 .var "byte_sent", 0 0;
v0x5587cf17f8b0_0 .var "byte_sr", 7 0;
v0x5587cf17f990_0 .var "clk_i2c", 0 0;
v0x5587cf17fa50_0 .var "clk_i2c_cntr", 15 0;
v0x5587cf17fb30_0 .var "cntr", 2 0;
v0x5587cf17fc10_0 .var "data_in_sr", 7 0;
v0x5587cf17fcf0_0 .var "data_out", 7 0;
v0x5587cf17fdd0_0 .var "data_to_write", 7 0;
v0x5587cf17feb0_0 .var "en_end_indicator", 0 0;
v0x5587cf17ff70_0 .var "en_scl", 0 0;
v0x5587cf180030_0 .var "grab_next_data", 0 0;
v0x5587cf1800f0_0 .net "i_addr_w_rw", 7 0, v0x5587cf181ef0_0;  1 drivers
v0x5587cf1801d0_0 .net "i_byte_len", 23 0, v0x5587cf181fe0_0;  1 drivers
v0x5587cf1802b0_0 .net "i_clk", 0 0, v0x5587cf1820b0_0;  1 drivers
v0x5587cf180370_0 .net "i_data_write", 7 0, v0x5587cf182180_0;  1 drivers
v0x5587cf180450_0 .net "i_sub_addr", 15 0, v0x5587cf182250_0;  1 drivers
v0x5587cf180530_0 .net "i_sub_len", 0 0, v0x5587cf182320_0;  1 drivers
v0x5587cf1805f0_0 .var "nack", 0 0;
v0x5587cf1806b0_0 .var "next_state", 3 0;
v0x5587cf180790_0 .var "num_byte_sent", 23 0;
v0x5587cf180870_0 .var "read_sub_addr_sent_flag", 0 0;
v0x5587cf180930_0 .var "reg_sda_o", 0 0;
v0x5587cf1809f0_0 .var "req_data_chunk", 0 0;
v0x5587cf180ab0_0 .net "req_trans", 0 0, v0x5587cf182590_0;  1 drivers
v0x5587cf180b70_0 .net "reset_n", 0 0, v0x5587cf182660_0;  1 drivers
v0x5587cf180c30_0 .var "rw", 0 0;
v0x5587cf180cf0_0 .var "scl_curr", 0 0;
v0x5587cf180fc0_0 .var "scl_is_high", 0 0;
v0x5587cf181080_0 .var "scl_is_low", 0 0;
v0x5587cf181140_0 .net "scl_o", 0 0, L_0x5587cf183770;  alias, 1 drivers
v0x5587cf181200_0 .var "scl_prev", 0 0;
v0x5587cf1812c0_0 .var "sda_curr", 1 0;
v0x5587cf1813a0_0 .net8 "sda_o", 0 0, RS_0x7f99c9ffb728;  alias, 2 drivers
v0x5587cf181460_0 .var "sda_prev", 0 0;
v0x5587cf181520_0 .var "state", 3 0;
v0x5587cf181600_0 .var "sub_addr", 15 0;
v0x5587cf1816e0_0 .var "sub_len", 0 0;
v0x5587cf1817a0_0 .var "valid_out", 0 0;
E_0x5587cf17dbe0 .event negedge, v0x5587cf180b70_0, v0x5587cf1802b0_0;
E_0x5587cf17f280/0 .event negedge, v0x5587cf180b70_0;
E_0x5587cf17f280/1 .event posedge, v0x5587cf1802b0_0;
E_0x5587cf17f280 .event/or E_0x5587cf17f280/0, E_0x5587cf17f280/1;
L_0x5587cf183770 .functor MUXZ 1, o0x7f99c9ffb008, v0x5587cf17f990_0, v0x5587cf17ff70_0, C4<>;
    .scope S_0x5587cf078cf0;
T_0 ;
    %wait E_0x5587cf15c0d0;
    %load/vec4 v0x5587cf17b130_0;
    %nor/r;
    %flag_set/vec4 8;
    %jmp/0xz  T_0.0, 8;
    %pushi/vec4 1, 0, 17;
    %split/vec4 1;
    %assign/vec4 v0x5587cf179f50_0, 0;
    %assign/vec4 v0x5587cf17a010_0, 0;
    %jmp T_0.1;
T_0.0 ;
    %load/vec4 v0x5587cf17a530_0;
    %nor/r;
    %flag_set/vec4 8;
    %jmp/0xz  T_0.2, 8;
    %pushi/vec4 1, 0, 17;
    %split/vec4 1;
    %assign/vec4 v0x5587cf179f50_0, 0;
    %assign/vec4 v0x5587cf17a010_0, 0;
    %jmp T_0.3;
T_0.2 ;
    %load/vec4 v0x5587cf17a010_0;
    %addi 1, 0, 16;
    %assign/vec4 v0x5587cf17a010_0, 0;
    %load/vec4 v0x5587cf17a010_0;
    %pad/u 32;
    %cmpi/e 161, 0, 32;
    %jmp/0xz  T_0.4, 4;
    %load/vec4 v0x5587cf179f50_0;
    %nor/r;
    %assign/vec4 v0x5587cf179f50_0, 0;
    %pushi/vec4 0, 0, 16;
    %assign/vec4 v0x5587cf17a010_0, 0;
T_0.4 ;
T_0.3 ;
T_0.1 ;
    %jmp T_0;
    .thread T_0;
    .scope S_0x5587cf078cf0;
T_1 ;
    %wait E_0x5587cf15c0d0;
    %load/vec4 v0x5587cf17b130_0;
    %nor/r;
    %flag_set/vec4 8;
    %jmp/0xz  T_1.0, 8;
    %pushi/vec4 0, 0, 9;
    %split/vec4 1;
    %assign/vec4 v0x5587cf17bb50_0, 0;
    %assign/vec4 v0x5587cf17a2b0_0, 0;
    %pushi/vec4 0, 0, 3;
    %split/vec4 1;
    %assign/vec4 v0x5587cf17abb0_0, 0;
    %split/vec4 1;
    %assign/vec4 v0x5587cf152270_0, 0;
    %assign/vec4 v0x5587cf17afb0_0, 0;
    %pushi/vec4 0, 0, 51;
    %split/vec4 1;
    %assign/vec4 v0x5587cf17a530_0, 0;
    %split/vec4 24;
    %assign/vec4 v0x5587cf13ad40_0, 0;
    %split/vec4 1;
    %assign/vec4 v0x5587cf17ba90_0, 0;
    %split/vec4 16;
    %assign/vec4 v0x5587cf17b9b0_0, 0;
    %split/vec4 1;
    %assign/vec4 v0x5587cf17b1f0_0, 0;
    %assign/vec4 v0x5587cf11b870_0, 0;
    %pushi/vec4 0, 0, 36;
    %split/vec4 8;
    %assign/vec4 v0x5587cf179e70_0, 0;
    %split/vec4 3;
    %assign/vec4 v0x5587cf17a0f0_0, 0;
    %split/vec4 24;
    %assign/vec4 v0x5587cf17ad50_0, 0;
    %assign/vec4 v0x5587cf11a4a0_0, 0;
    %pushi/vec4 0, 0, 17;
    %split/vec4 8;
    %assign/vec4 v0x5587cf17a1d0_0, 0;
    %split/vec4 8;
    %assign/vec4 v0x5587cf17a390_0, 0;
    %assign/vec4 v0x5587cf17ae30_0, 0;
    %pushi/vec4 0, 0, 3;
    %split/vec4 1;
    %assign/vec4 v0x5587cf17a470_0, 0;
    %split/vec4 1;
    %assign/vec4 v0x5587cf13c1b0_0, 0;
    %assign/vec4 v0x5587cf11b770_0, 0;
    %pushi/vec4 0, 0, 3;
    %split/vec4 1;
    %assign/vec4 v0x5587cf17a5f0_0, 0;
    %split/vec4 1;
    %assign/vec4 v0x5587cf17b430_0, 0;
    %assign/vec4 v0x5587cf17b370_0, 0;
    %pushi/vec4 0, 1, 1;
    %assign/vec4 v0x5587cf17aef0_0, 0;
    %pushi/vec4 0, 0, 4;
    %assign/vec4 v0x5587cf17b8d0_0, 0;
    %pushi/vec4 0, 0, 4;
    %assign/vec4 v0x5587cf17ac70_0, 0;
    %jmp T_1.1;
T_1.0 ;
    %pushi/vec4 0, 0, 1;
    %assign/vec4 v0x5587cf17bb50_0, 0;
    %pushi/vec4 0, 0, 1;
    %assign/vec4 v0x5587cf17afb0_0, 0;
    %load/vec4 v0x5587cf17b8d0_0;
    %dup/vec4;
    %pushi/vec4 0, 0, 4;
    %cmp/u;
    %jmp/1 T_1.2, 6;
    %dup/vec4;
    %pushi/vec4 1, 0, 4;
    %cmp/u;
    %jmp/1 T_1.3, 6;
    %dup/vec4;
    %pushi/vec4 2, 0, 4;
    %cmp/u;
    %jmp/1 T_1.4, 6;
    %dup/vec4;
    %pushi/vec4 3, 0, 4;
    %cmp/u;
    %jmp/1 T_1.5, 6;
    %dup/vec4;
    %pushi/vec4 4, 0, 4;
    %cmp/u;
    %jmp/1 T_1.6, 6;
    %dup/vec4;
    %pushi/vec4 5, 0, 4;
    %cmp/u;
    %jmp/1 T_1.7, 6;
    %dup/vec4;
    %pushi/vec4 6, 0, 4;
    %cmp/u;
    %jmp/1 T_1.8, 6;
    %dup/vec4;
    %pushi/vec4 7, 0, 4;
    %cmp/u;
    %jmp/1 T_1.9, 6;
    %dup/vec4;
    %pushi/vec4 8, 0, 4;
    %cmp/u;
    %jmp/1 T_1.10, 6;
    %dup/vec4;
    %pushi/vec4 9, 0, 4;
    %cmp/u;
    %jmp/1 T_1.11, 6;
    %dup/vec4;
    %pushi/vec4 10, 0, 4;
    %cmp/u;
    %jmp/1 T_1.12, 6;
    %dup/vec4;
    %pushi/vec4 11, 0, 4;
    %cmp/u;
    %jmp/1 T_1.13, 6;
    %pushi/vec4 0, 0, 4;
    %assign/vec4 v0x5587cf17b8d0_0, 0;
    %jmp T_1.15;
T_1.2 ;
    %load/vec4 v0x5587cf17b070_0;
    %load/vec4 v0x5587cf152270_0;
    %nor/r;
    %and;
    %flag_set/vec4 8;
    %jmp/0xz  T_1.16, 8;
    %pushi/vec4 1, 0, 1;
    %assign/vec4 v0x5587cf152270_0, 0;
    %pushi/vec4 1, 0, 4;
    %assign/vec4 v0x5587cf17b8d0_0, 0;
    %pushi/vec4 3, 0, 4;
    %assign/vec4 v0x5587cf17ac70_0, 0;
    %load/vec4 v0x5587cf17a6b0_0;
    %assign/vec4 v0x5587cf11b870_0, 0;
    %load/vec4 v0x5587cf17a6b0_0;
    %parti/s 1, 0, 2;
    %assign/vec4 v0x5587cf17b1f0_0, 0;
    %load/vec4 v0x5587cf17aaf0_0;
    %flag_set/vec4 8;
    %jmp/0 T_1.18, 8;
    %load/vec4 v0x5587cf17aa10_0;
    %jmp/1 T_1.19, 8;
T_1.18 ; End of true expr.
    %load/vec4 v0x5587cf17aa10_0;
    %parti/s 8, 0, 2;
    %concati/vec4 0, 0, 8;
    %jmp/0 T_1.19, 8;
 ; End of false expr.
    %blend;
T_1.19;
    %assign/vec4 v0x5587cf17b9b0_0, 0;
    %load/vec4 v0x5587cf17aaf0_0;
    %assign/vec4 v0x5587cf17ba90_0, 0;
    %load/vec4 v0x5587cf17a930_0;
    %assign/vec4 v0x5587cf17a390_0, 0;
    %load/vec4 v0x5587cf17a790_0;
    %assign/vec4 v0x5587cf13ad40_0, 0;
    %pushi/vec4 1, 0, 1;
    %assign/vec4 v0x5587cf17a530_0, 0;
    %pushi/vec4 1, 0, 1;
    %assign/vec4 v0x5587cf17aef0_0, 0;
    %pushi/vec4 0, 0, 1;
    %assign/vec4 v0x5587cf17abb0_0, 0;
    %pushi/vec4 0, 0, 1;
    %assign/vec4 v0x5587cf17ae30_0, 0;
    %pushi/vec4 0, 0, 24;
    %assign/vec4 v0x5587cf17ad50_0, 0;
    %pushi/vec4 0, 0, 1;
    %assign/vec4 v0x5587cf11a4a0_0, 0;
T_1.16 ;
    %jmp T_1.15;
T_1.3 ;
    %load/vec4 v0x5587cf17b5b0_0;
    %load/vec4 v0x5587cf17b2b0_0;
    %and;
    %load/vec4 v0x5587cf17a010_0;
    %pushi/vec4 91, 0, 16;
    %cmp/e;
    %flag_get/vec4 4;
    %and;
    %flag_set/vec4 8;
    %jmp/0xz  T_1.20, 8;
    %pushi/vec4 0, 0, 1;
    %assign/vec4 v0x5587cf17aef0_0, 0;
    %load/vec4 v0x5587cf11b870_0;
    %parti/s 7, 1, 2;
    %concati/vec4 0, 0, 1;
    %assign/vec4 v0x5587cf179e70_0, 0;
    %pushi/vec4 3, 0, 4;
    %assign/vec4 v0x5587cf17b8d0_0, 0;
    %vpi_call 2 494 "$display", "DUT: I2C MASTER | TIMESTAMP: %t | MESSAGE: START INDICATION!", $time {0 0 0};
T_1.20 ;
    %jmp T_1.15;
T_1.4 ;
    %load/vec4 v0x5587cf17b2b0_0;
    %nor/r;
    %load/vec4 v0x5587cf17b5b0_0;
    %and;
    %flag_set/vec4 8;
    %jmp/0xz  T_1.22, 8;
    %pushi/vec4 1, 0, 1;
    %assign/vec4 v0x5587cf17aef0_0, 0;
T_1.22 ;
    %load/vec4 v0x5587cf17b5b0_0;
    %nor/r;
    %load/vec4 v0x5587cf17b2b0_0;
    %and;
    %flag_set/vec4 8;
    %jmp/0xz  T_1.24, 8;
    %pushi/vec4 1, 0, 1;
    %assign/vec4 v0x5587cf17b370_0, 0;
T_1.24 ;
    %load/vec4 v0x5587cf17b370_0;
    %flag_set/vec4 8;
    %jmp/0xz  T_1.26, 8;
    %load/vec4 v0x5587cf17a010_0;
    %cmpi/e 91, 0, 16;
    %jmp/0xz  T_1.28, 4;
    %pushi/vec4 0, 0, 1;
    %assign/vec4 v0x5587cf17b370_0, 0;
    %pushi/vec4 0, 0, 1;
    %assign/vec4 v0x5587cf17aef0_0, 0;
    %pushi/vec4 3, 0, 4;
    %assign/vec4 v0x5587cf17b8d0_0, 0;
    %load/vec4 v0x5587cf11b870_0;
    %assign/vec4 v0x5587cf179e70_0, 0;
T_1.28 ;
T_1.26 ;
    %jmp T_1.15;
T_1.5 ;
    %load/vec4 v0x5587cf11a4a0_0;
    %load/vec4 v0x5587cf17a0f0_0;
    %parti/s 1, 0, 2;
    %and;
    %flag_set/vec4 8;
    %jmp/0xz  T_1.30, 8;
    %pushi/vec4 0, 0, 1;
    %assign/vec4 v0x5587cf11a4a0_0, 0;
    %load/vec4 v0x5587cf17ae30_0;
    %flag_set/vec4 8;
    %jmp/0 T_1.32, 8;
    %pushi/vec4 5, 0, 4;
    %jmp/1 T_1.33, 8;
T_1.32 ; End of true expr.
    %pushi/vec4 4, 0, 4;
    %jmp/0 T_1.33, 8;
 ; End of false expr.
    %blend;
T_1.33;
    %assign/vec4 v0x5587cf17ac70_0, 0;
    %load/vec4 v0x5587cf17b9b0_0;
    %parti/s 8, 8, 5;
    %assign/vec4 v0x5587cf179e70_0, 0;
    %pushi/vec4 8, 0, 4;
    %assign/vec4 v0x5587cf17b8d0_0, 0;
    %pushi/vec4 0, 1, 1;
    %assign/vec4 v0x5587cf17aef0_0, 0;
    %pushi/vec4 0, 0, 3;
    %assign/vec4 v0x5587cf17a0f0_0, 0;
    %vpi_call 2 538 "$display", "DUT: I2C MASTER | TIMESTAMP: %t | MESSAGE: SLAVE_ADDR SENT!", $time {0 0 0};
    %jmp T_1.31;
T_1.30 ;
    %load/vec4 v0x5587cf17b2b0_0;
    %nor/r;
    %load/vec4 v0x5587cf17b5b0_0;
    %and;
    %flag_set/vec4 8;
    %jmp/0xz  T_1.34, 8;
    %pushi/vec4 1, 0, 1;
    %assign/vec4 v0x5587cf17b430_0, 0;
T_1.34 ;
    %load/vec4 v0x5587cf17b430_0;
    %flag_set/vec4 8;
    %jmp/0xz  T_1.36, 8;
    %load/vec4 v0x5587cf17a010_0;
    %cmpi/e 3, 0, 16;
    %jmp/0xz  T_1.38, 4;
    %load/vec4 v0x5587cf11a4a0_0;
    %load/vec4 v0x5587cf17a0f0_0;
    %concat/vec4; draw_concat_vec4
    %addi 1, 0, 4;
    %split/vec4 3;
    %assign/vec4 v0x5587cf17a0f0_0, 0;
    %assign/vec4 v0x5587cf11a4a0_0, 0;
    %load/vec4 v0x5587cf179e70_0;
    %parti/s 1, 7, 4;
    %assign/vec4 v0x5587cf17aef0_0, 0;
    %load/vec4 v0x5587cf179e70_0;
    %parti/s 7, 0, 2;
    %concati/vec4 0, 0, 1;
    %assign/vec4 v0x5587cf179e70_0, 0;
    %pushi/vec4 0, 0, 1;
    %assign/vec4 v0x5587cf17b430_0, 0;
T_1.38 ;
T_1.36 ;
T_1.31 ;
    %jmp T_1.15;
T_1.6 ;
    %load/vec4 v0x5587cf11a4a0_0;
    %load/vec4 v0x5587cf17a0f0_0;
    %parti/s 1, 0, 2;
    %and;
    %flag_set/vec4 8;
    %jmp/0xz  T_1.40, 8;
    %load/vec4 v0x5587cf17ba90_0;
    %flag_set/vec4 8;
    %jmp/0xz  T_1.42, 8;
    %pushi/vec4 8, 0, 4;
    %assign/vec4 v0x5587cf17b8d0_0, 0;
    %pushi/vec4 4, 0, 4;
    %assign/vec4 v0x5587cf17ac70_0, 0;
    %pushi/vec4 0, 0, 1;
    %assign/vec4 v0x5587cf17ba90_0, 0;
    %load/vec4 v0x5587cf17b9b0_0;
    %parti/s 8, 0, 2;
    %assign/vec4 v0x5587cf179e70_0, 0;
    %vpi_call 2 571 "$display", "DUT: I2C MASTER | TIMESTAMP: %t | MESSAGE: MSB OF SUB ADDR SENT", $time {0 0 0};
    %jmp T_1.43;
T_1.42 ;
    %load/vec4 v0x5587cf17b1f0_0;
    %flag_set/vec4 8;
    %jmp/0 T_1.44, 8;
    %pushi/vec4 2, 0, 4;
    %jmp/1 T_1.45, 8;
T_1.44 ; End of true expr.
    %pushi/vec4 6, 0, 4;
    %jmp/0 T_1.45, 8;
 ; End of false expr.
    %blend;
T_1.45;
    %assign/vec4 v0x5587cf17ac70_0, 0;
    %load/vec4 v0x5587cf17b1f0_0;
    %flag_set/vec4 8;
    %jmp/0 T_1.46, 8;
    %load/vec4 v0x5587cf179e70_0;
    %jmp/1 T_1.47, 8;
T_1.46 ; End of true expr.
    %load/vec4 v0x5587cf17a390_0;
    %jmp/0 T_1.47, 8;
 ; End of false expr.
    %blend;
T_1.47;
    %assign/vec4 v0x5587cf179e70_0, 0;
    %pushi/vec4 1, 0, 1;
    %assign/vec4 v0x5587cf17ae30_0, 0;
    %vpi_call 2 577 "$display", "DUT: I2C MASTER | TIMESTAMP: %t | MESSAGE: SUB ADDR SENT", $time {0 0 0};
T_1.43 ;
    %pushi/vec4 0, 0, 3;
    %assign/vec4 v0x5587cf17a0f0_0, 0;
    %pushi/vec4 0, 0, 1;
    %assign/vec4 v0x5587cf11a4a0_0, 0;
    %pushi/vec4 8, 0, 4;
    %assign/vec4 v0x5587cf17b8d0_0, 0;
    %pushi/vec4 0, 1, 1;
    %assign/vec4 v0x5587cf17aef0_0, 0;
    %jmp T_1.41;
T_1.40 ;
    %load/vec4 v0x5587cf17b2b0_0;
    %nor/r;
    %load/vec4 v0x5587cf17b5b0_0;
    %and;
    %flag_set/vec4 8;
    %jmp/0xz  T_1.48, 8;
    %pushi/vec4 1, 0, 1;
    %assign/vec4 v0x5587cf17b430_0, 0;
T_1.48 ;
    %load/vec4 v0x5587cf17b430_0;
    %flag_set/vec4 8;
    %jmp/0xz  T_1.50, 8;
    %load/vec4 v0x5587cf17a010_0;
    %cmpi/e 3, 0, 16;
    %jmp/0xz  T_1.52, 4;
    %pushi/vec4 0, 0, 1;
    %assign/vec4 v0x5587cf17b430_0, 0;
    %load/vec4 v0x5587cf11a4a0_0;
    %load/vec4 v0x5587cf17a0f0_0;
    %concat/vec4; draw_concat_vec4
    %addi 1, 0, 4;
    %split/vec4 3;
    %assign/vec4 v0x5587cf17a0f0_0, 0;
    %assign/vec4 v0x5587cf11a4a0_0, 0;
    %load/vec4 v0x5587cf179e70_0;
    %parti/s 1, 7, 4;
    %assign/vec4 v0x5587cf17aef0_0, 0;
    %load/vec4 v0x5587cf179e70_0;
    %parti/s 7, 0, 2;
    %concati/vec4 0, 0, 1;
    %assign/vec4 v0x5587cf179e70_0, 0;
T_1.52 ;
T_1.50 ;
T_1.41 ;
    %jmp T_1.15;
T_1.7 ;
    %load/vec4 v0x5587cf11a4a0_0;
    %flag_set/vec4 8;
    %jmp/0xz  T_1.54, 8;
    %pushi/vec4 0, 0, 1;
    %assign/vec4 v0x5587cf11a4a0_0, 0;
    %load/vec4 v0x5587cf17a1d0_0;
    %assign/vec4 v0x5587cf17a2b0_0, 0;
    %pushi/vec4 1, 0, 1;
    %assign/vec4 v0x5587cf17bb50_0, 0;
    %pushi/vec4 9, 0, 4;
    %assign/vec4 v0x5587cf17b8d0_0, 0;
    %load/vec4 v0x5587cf17ad50_0;
    %pad/u 32;
    %load/vec4 v0x5587cf13ad40_0;
    %pad/u 32;
    %subi 1, 0, 32;
    %cmp/e;
    %flag_mov 8, 4;
    %jmp/0 T_1.56, 8;
    %pushi/vec4 10, 0, 4;
    %jmp/1 T_1.57, 8;
T_1.56 ; End of true expr.
    %pushi/vec4 5, 0, 4;
    %jmp/0 T_1.57, 8;
 ; End of false expr.
    %blend;
T_1.57;
    %assign/vec4 v0x5587cf17ac70_0, 0;
    %load/vec4 v0x5587cf17ad50_0;
    %pad/u 32;
    %load/vec4 v0x5587cf13ad40_0;
    %pad/u 32;
    %subi 1, 0, 32;
    %cmp/e;
    %flag_get/vec4 4;
    %assign/vec4 v0x5587cf11b770_0, 0;
    %load/vec4 v0x5587cf17ad50_0;
    %addi 1, 0, 24;
    %assign/vec4 v0x5587cf17ad50_0, 0;
    %pushi/vec4 1, 0, 1;
    %assign/vec4 v0x5587cf13c1b0_0, 0;
    %vpi_call 2 618 "$display", "DUT: I2C MASTER | TIMESTAMP: %t | MESSAGE: READ BYTE #%d SENT!", $time, v0x5587cf17ad50_0 {0 0 0};
    %jmp T_1.55;
T_1.54 ;
    %load/vec4 v0x5587cf17b5b0_0;
    %nor/r;
    %load/vec4 v0x5587cf17b2b0_0;
    %and;
    %flag_set/vec4 8;
    %jmp/0xz  T_1.58, 8;
    %pushi/vec4 1, 0, 1;
    %assign/vec4 v0x5587cf17b370_0, 0;
T_1.58 ;
    %load/vec4 v0x5587cf17b370_0;
    %flag_set/vec4 8;
    %jmp/0xz  T_1.60, 8;
    %load/vec4 v0x5587cf17a010_0;
    %cmpi/e 91, 0, 16;
    %jmp/0xz  T_1.62, 4;
    %pushi/vec4 0, 0, 1;
    %assign/vec4 v0x5587cf17bb50_0, 0;
    %load/vec4 v0x5587cf17a0f0_0;
    %pad/u 4;
    %addi 1, 0, 4;
    %split/vec4 3;
    %assign/vec4 v0x5587cf17a0f0_0, 0;
    %assign/vec4 v0x5587cf11a4a0_0, 0;
    %load/vec4 v0x5587cf17a1d0_0;
    %parti/s 7, 0, 2;
    %load/vec4 v0x5587cf17b810_0;
    %concat/vec4; draw_concat_vec4
    %assign/vec4 v0x5587cf17a1d0_0, 0;
    %pushi/vec4 0, 0, 1;
    %assign/vec4 v0x5587cf17b370_0, 0;
T_1.62 ;
T_1.60 ;
T_1.55 ;
    %jmp T_1.15;
T_1.8 ;
    %load/vec4 v0x5587cf11a4a0_0;
    %load/vec4 v0x5587cf17a0f0_0;
    %parti/s 1, 0, 2;
    %and;
    %flag_set/vec4 8;
    %jmp/0xz  T_1.64, 8;
    %pushi/vec4 0, 0, 3;
    %assign/vec4 v0x5587cf17a0f0_0, 0;
    %pushi/vec4 0, 0, 1;
    %assign/vec4 v0x5587cf11a4a0_0, 0;
    %pushi/vec4 8, 0, 4;
    %assign/vec4 v0x5587cf17b8d0_0, 0;
    %pushi/vec4 0, 1, 1;
    %assign/vec4 v0x5587cf17aef0_0, 0;
    %load/vec4 v0x5587cf17ad50_0;
    %pad/u 32;
    %load/vec4 v0x5587cf13ad40_0;
    %pad/u 32;
    %subi 1, 0, 32;
    %cmp/e;
    %flag_mov 8, 4;
    %jmp/0 T_1.66, 8;
    %pushi/vec4 10, 0, 4;
    %jmp/1 T_1.67, 8;
T_1.66 ; End of true expr.
    %pushi/vec4 7, 0, 4;
    %jmp/0 T_1.67, 8;
 ; End of false expr.
    %blend;
T_1.67;
    %assign/vec4 v0x5587cf17ac70_0, 0;
    %load/vec4 v0x5587cf17ad50_0;
    %addi 1, 0, 24;
    %assign/vec4 v0x5587cf17ad50_0, 0;
    %pushi/vec4 1, 0, 1;
    %assign/vec4 v0x5587cf17a5f0_0, 0;
    %vpi_call 2 651 "$display", "DUT: I2C MASTER | TIMESTAMP: %t | MESSAGE: WRITE BYTE #%d SENT!", $time, v0x5587cf17ad50_0 {0 0 0};
    %jmp T_1.65;
T_1.64 ;
    %load/vec4 v0x5587cf17b2b0_0;
    %nor/r;
    %load/vec4 v0x5587cf17b5b0_0;
    %and;
    %flag_set/vec4 8;
    %jmp/0xz  T_1.68, 8;
    %pushi/vec4 1, 0, 1;
    %assign/vec4 v0x5587cf17b430_0, 0;
T_1.68 ;
    %load/vec4 v0x5587cf17b430_0;
    %flag_set/vec4 8;
    %jmp/0xz  T_1.70, 8;
    %load/vec4 v0x5587cf17a010_0;
    %cmpi/e 3, 0, 16;
    %jmp/0xz  T_1.72, 4;
    %load/vec4 v0x5587cf11a4a0_0;
    %load/vec4 v0x5587cf17a0f0_0;
    %concat/vec4; draw_concat_vec4
    %addi 1, 0, 4;
    %split/vec4 3;
    %assign/vec4 v0x5587cf17a0f0_0, 0;
    %assign/vec4 v0x5587cf11a4a0_0, 0;
    %load/vec4 v0x5587cf179e70_0;
    %parti/s 1, 7, 4;
    %assign/vec4 v0x5587cf17aef0_0, 0;
    %load/vec4 v0x5587cf179e70_0;
    %parti/s 7, 0, 2;
    %concati/vec4 0, 0, 1;
    %assign/vec4 v0x5587cf179e70_0, 0;
    %pushi/vec4 0, 0, 1;
    %assign/vec4 v0x5587cf17b430_0, 0;
T_1.72 ;
T_1.70 ;
T_1.65 ;
    %jmp T_1.15;
T_1.9 ;
    %load/vec4 v0x5587cf17a5f0_0;
    %flag_set/vec4 8;
    %jmp/0xz  T_1.74, 8;
    %pushi/vec4 1, 0, 1;
    %assign/vec4 v0x5587cf17afb0_0, 0;
    %pushi/vec4 0, 0, 1;
    %assign/vec4 v0x5587cf17a5f0_0, 0;
    %jmp T_1.75;
T_1.74 ;
    %pushi/vec4 6, 0, 4;
    %assign/vec4 v0x5587cf17b8d0_0, 0;
    %load/vec4 v0x5587cf17a930_0;
    %assign/vec4 v0x5587cf179e70_0, 0;
T_1.75 ;
    %jmp T_1.15;
T_1.10 ;
    %load/vec4 v0x5587cf17b5b0_0;
    %nor/r;
    %load/vec4 v0x5587cf17b2b0_0;
    %and;
    %flag_set/vec4 8;
    %jmp/0xz  T_1.76, 8;
    %pushi/vec4 1, 0, 1;
    %assign/vec4 v0x5587cf17b370_0, 0;
T_1.76 ;
    %load/vec4 v0x5587cf17b370_0;
    %flag_set/vec4 8;
    %jmp/0xz  T_1.78, 8;
    %load/vec4 v0x5587cf17a010_0;
    %cmpi/e 91, 0, 16;
    %jmp/0xz  T_1.80, 4;
    %load/vec4 v0x5587cf17b810_0;
    %nor/r;
    %flag_set/vec4 8;
    %jmp/0xz  T_1.82, 8;
    %load/vec4 v0x5587cf17ac70_0;
    %assign/vec4 v0x5587cf17b8d0_0, 0;
    %vpi_call 2 700 "$display", "DUT: I2C MASTER | TIMESTAMP: %t | MESSAGE: rx ack encountered", $time {0 0 0};
    %jmp T_1.83;
T_1.82 ;
    %vpi_call 2 703 "$display", "DUT: I2C MASTER | TIMESTAMP: %t | MESSAGE: rx nack encountered", $time {0 0 0};
    %pushi/vec4 1, 0, 1;
    %assign/vec4 v0x5587cf17abb0_0, 0;
    %pushi/vec4 0, 0, 1;
    %assign/vec4 v0x5587cf152270_0, 0;
    %pushi/vec4 0, 1, 1;
    %assign/vec4 v0x5587cf17aef0_0, 0;
    %pushi/vec4 0, 0, 1;
    %assign/vec4 v0x5587cf17a530_0, 0;
    %pushi/vec4 0, 0, 4;
    %assign/vec4 v0x5587cf17b8d0_0, 0;
T_1.83 ;
    %pushi/vec4 0, 0, 1;
    %assign/vec4 v0x5587cf17b370_0, 0;
T_1.80 ;
T_1.78 ;
    %jmp T_1.15;
T_1.11 ;
    %load/vec4 v0x5587cf17b2b0_0;
    %nor/r;
    %load/vec4 v0x5587cf17b5b0_0;
    %and;
    %flag_set/vec4 8;
    %jmp/0xz  T_1.84, 8;
    %pushi/vec4 1, 0, 1;
    %assign/vec4 v0x5587cf17b430_0, 0;
T_1.84 ;
    %load/vec4 v0x5587cf17b430_0;
    %flag_set/vec4 8;
    %jmp/0xz  T_1.86, 8;
    %load/vec4 v0x5587cf17a010_0;
    %cmpi/e 3, 0, 16;
    %jmp/0xz  T_1.88, 4;
    %load/vec4 v0x5587cf13c1b0_0;
    %flag_set/vec4 8;
    %jmp/0xz  T_1.90, 8;
    %load/vec4 v0x5587cf11b770_0;
    %assign/vec4 v0x5587cf17aef0_0, 0;
    %pushi/vec4 0, 0, 1;
    %assign/vec4 v0x5587cf13c1b0_0, 0;
    %jmp T_1.91;
T_1.90 ;
    %load/vec4 v0x5587cf17ac70_0;
    %cmpi/e 10, 0, 4;
    %flag_mov 8, 4;
    %jmp/0 T_1.92, 8;
    %pushi/vec4 0, 0, 1;
    %jmp/1 T_1.93, 8;
T_1.92 ; End of true expr.
    %pushi/vec4 0, 1, 1;
    %jmp/0 T_1.93, 8;
 ; End of false expr.
    %blend;
T_1.93;
    %assign/vec4 v0x5587cf17aef0_0, 0;
    %load/vec4 v0x5587cf17ac70_0;
    %cmpi/e 10, 0, 4;
    %flag_mov 8, 4;
    %jmp/0 T_1.94, 8;
    %pushi/vec4 1, 0, 1;
    %jmp/1 T_1.95, 8;
T_1.94 ; End of true expr.
    %load/vec4 v0x5587cf17a470_0;
    %jmp/0 T_1.95, 8;
 ; End of false expr.
    %blend;
T_1.95;
    %assign/vec4 v0x5587cf17a470_0, 0;
    %load/vec4 v0x5587cf17ac70_0;
    %assign/vec4 v0x5587cf17b8d0_0, 0;
T_1.91 ;
    %pushi/vec4 0, 0, 1;
    %assign/vec4 v0x5587cf17b430_0, 0;
T_1.88 ;
T_1.86 ;
    %jmp T_1.15;
T_1.12 ;
    %load/vec4 v0x5587cf17b2b0_0;
    %nor/r;
    %load/vec4 v0x5587cf17b5b0_0;
    %and;
    %load/vec4 v0x5587cf17b1f0_0;
    %nor/r;
    %and;
    %flag_set/vec4 8;
    %jmp/0xz  T_1.96, 8;
    %pushi/vec4 0, 0, 1;
    %assign/vec4 v0x5587cf17aef0_0, 0;
    %pushi/vec4 1, 0, 1;
    %assign/vec4 v0x5587cf17a470_0, 0;
T_1.96 ;
    %load/vec4 v0x5587cf17b2b0_0;
    %load/vec4 v0x5587cf17b5b0_0;
    %and;
    %load/vec4 v0x5587cf17a470_0;
    %and;
    %flag_set/vec4 8;
    %jmp/0xz  T_1.98, 8;
    %pushi/vec4 1, 0, 1;
    %assign/vec4 v0x5587cf17b370_0, 0;
    %pushi/vec4 0, 0, 1;
    %assign/vec4 v0x5587cf17a470_0, 0;
T_1.98 ;
    %load/vec4 v0x5587cf17b370_0;
    %flag_set/vec4 8;
    %jmp/0xz  T_1.100, 8;
    %load/vec4 v0x5587cf17a010_0;
    %cmpi/e 78, 0, 16;
    %jmp/0xz  T_1.102, 4;
    %pushi/vec4 1, 0, 1;
    %assign/vec4 v0x5587cf17aef0_0, 0;
    %pushi/vec4 11, 0, 4;
    %assign/vec4 v0x5587cf17b8d0_0, 0;
    %pushi/vec4 0, 0, 1;
    %assign/vec4 v0x5587cf17b370_0, 0;
T_1.102 ;
T_1.100 ;
    %jmp T_1.15;
T_1.13 ;
    %load/vec4 v0x5587cf17a010_0;
    %pad/u 32;
    %cmpi/e 159, 0, 32;
    %jmp/0xz  T_1.104, 4;
    %pushi/vec4 0, 0, 1;
    %assign/vec4 v0x5587cf17a530_0, 0;
    %pushi/vec4 0, 0, 4;
    %assign/vec4 v0x5587cf17b8d0_0, 0;
    %pushi/vec4 0, 1, 1;
    %assign/vec4 v0x5587cf17aef0_0, 0;
    %pushi/vec4 0, 0, 1;
    %assign/vec4 v0x5587cf152270_0, 0;
T_1.104 ;
    %jmp T_1.15;
T_1.15 ;
    %pop/vec4 1;
T_1.1 ;
    %jmp T_1;
    .thread T_1;
    .scope S_0x5587cf078cf0;
T_2 ;
    %wait E_0x5587cf09c9b0;
    %load/vec4 v0x5587cf17b130_0;
    %nor/r;
    %flag_set/vec4 8;
    %jmp/0xz  T_2.0, 8;
    %pushi/vec4 0, 0, 3;
    %split/vec4 1;
    %assign/vec4 v0x5587cf17b810_0, 0;
    %assign/vec4 v0x5587cf17b670_0, 0;
    %pushi/vec4 0, 0, 2;
    %split/vec4 1;
    %assign/vec4 v0x5587cf17b5b0_0, 0;
    %assign/vec4 v0x5587cf17b2b0_0, 0;
    %jmp T_2.1;
T_2.0 ;
    %load/vec4 v0x5587cf17b670_0;
    %parti/s 1, 0, 2;
    %load/vec4 v0x5587cf17b750_0;
    %concat/vec4; draw_concat_vec4
    %assign/vec4 v0x5587cf17b670_0, 0;
    %load/vec4 v0x5587cf17b670_0;
    %parti/s 1, 1, 2;
    %assign/vec4 v0x5587cf17b810_0, 0;
    %load/vec4 v0x5587cf179f50_0;
    %assign/vec4 v0x5587cf17b2b0_0, 0;
    %load/vec4 v0x5587cf17b2b0_0;
    %assign/vec4 v0x5587cf17b5b0_0, 0;
T_2.1 ;
    %jmp T_2;
    .thread T_2;
    .scope S_0x5587cf152410;
T_3 ;
    %wait E_0x5587cf0df910;
    %load/vec4 v0x5587cf17cfa0_0;
    %flag_set/vec4 8;
    %jmp/0xz  T_3.0, 8;
    %pushi/vec4 209, 0, 8;
    %assign/vec4 v0x5587cf17d320_0, 0;
    %pushi/vec4 0, 0, 41;
    %split/vec4 24;
    %assign/vec4 v0x5587cf17c9f0_0, 0;
    %split/vec4 1;
    %assign/vec4 v0x5587cf17cbf0_0, 0;
    %assign/vec4 v0x5587cf17cb50_0, 0;
    %pushi/vec4 0, 0, 9;
    %split/vec4 1;
    %assign/vec4 v0x5587cf17ced0_0, 0;
    %assign/vec4 v0x5587cf17cab0_0, 0;
    %pushi/vec4 0, 0, 4;
    %assign/vec4 v0x5587cf17d3f0_0, 0;
    %pushi/vec4 0, 0, 34;
    %split/vec4 1;
    %assign/vec4 v0x5587cf17d280_0, 0;
    %split/vec4 1;
    %assign/vec4 v0x5587cf17d640_0, 0;
    %split/vec4 8;
    %assign/vec4 v0x5587cf17c870_0, 0;
    %assign/vec4 v0x5587cf17cd60_0, 0;
    %pushi/vec4 0, 0, 28;
    %split/vec4 1;
    %assign/vec4 v0x5587cf17c930_0, 0;
    %assign/vec4 v0x5587cf17c470_0, 0;
    %pushi/vec4 0, 0, 120;
    %split/vec4 112;
    %assign/vec4 v0x5587cf17d1e0_0, 0;
    %assign/vec4 v0x5587cf17d580_0, 0;
    %jmp T_3.1;
T_3.0 ;
    %load/vec4 v0x5587cf17c930_0;
    %flag_set/vec4 8;
    %jmp/0 T_3.2, 8;
    %load/vec4 v0x5587cf17c470_0;
    %addi 1, 0, 27;
    %jmp/1 T_3.3, 8;
T_3.2 ; End of true expr.
    %pushi/vec4 0, 0, 27;
    %jmp/0 T_3.3, 8;
 ; End of false expr.
    %blend;
T_3.3;
    %assign/vec4 v0x5587cf17c470_0, 0;
    %pushi/vec4 0, 0, 1;
    %assign/vec4 v0x5587cf17d640_0, 0;
    %load/vec4 v0x5587cf17d3f0_0;
    %dup/vec4;
    %pushi/vec4 0, 0, 4;
    %cmp/u;
    %jmp/1 T_3.4, 6;
    %dup/vec4;
    %pushi/vec4 1, 0, 4;
    %cmp/u;
    %jmp/1 T_3.5, 6;
    %dup/vec4;
    %pushi/vec4 2, 0, 4;
    %cmp/u;
    %jmp/1 T_3.6, 6;
    %dup/vec4;
    %pushi/vec4 3, 0, 4;
    %cmp/u;
    %jmp/1 T_3.7, 6;
    %dup/vec4;
    %pushi/vec4 4, 0, 4;
    %cmp/u;
    %jmp/1 T_3.8, 6;
    %dup/vec4;
    %pushi/vec4 5, 0, 4;
    %cmp/u;
    %jmp/1 T_3.9, 6;
    %dup/vec4;
    %pushi/vec4 6, 0, 4;
    %cmp/u;
    %jmp/1 T_3.10, 6;
    %dup/vec4;
    %pushi/vec4 7, 0, 4;
    %cmp/u;
    %jmp/1 T_3.11, 6;
    %dup/vec4;
    %pushi/vec4 8, 0, 4;
    %cmp/u;
    %jmp/1 T_3.12, 6;
    %dup/vec4;
    %pushi/vec4 9, 0, 4;
    %cmp/u;
    %jmp/1 T_3.13, 6;
    %dup/vec4;
    %pushi/vec4 10, 0, 4;
    %cmp/u;
    %jmp/1 T_3.14, 6;
    %dup/vec4;
    %pushi/vec4 11, 0, 4;
    %cmp/u;
    %jmp/1 T_3.15, 6;
    %pushi/vec4 0, 0, 4;
    %assign/vec4 v0x5587cf17d3f0_0, 0;
    %jmp T_3.17;
T_3.4 ;
    %pushi/vec4 208, 0, 8;
    %assign/vec4 v0x5587cf17d320_0, 0;
    %pushi/vec4 107, 0, 16;
    %assign/vec4 v0x5587cf17cb50_0, 0;
    %pushi/vec4 0, 0, 1;
    %assign/vec4 v0x5587cf17cbf0_0, 0;
    %pushi/vec4 1, 0, 24;
    %assign/vec4 v0x5587cf17c9f0_0, 0;
    %pushi/vec4 0, 0, 8;
    %assign/vec4 v0x5587cf17cab0_0, 0;
    %pushi/vec4 1, 0, 4;
    %assign/vec4 v0x5587cf17d3f0_0, 0;
    %pushi/vec4 1, 0, 1;
    %assign/vec4 v0x5587cf17ced0_0, 0;
    %jmp T_3.17;
T_3.5 ;
    %load/vec4 v0x5587cf17c330_0;
    %flag_set/vec4 8;
    %jmp/0xz  T_3.18, 8;
    %pushi/vec4 2, 0, 4;
    %assign/vec4 v0x5587cf17d3f0_0, 0;
    %pushi/vec4 0, 0, 1;
    %assign/vec4 v0x5587cf17ced0_0, 0;
    %pushi/vec4 1, 0, 1;
    %assign/vec4 v0x5587cf17c930_0, 0;
T_3.18 ;
    %jmp T_3.17;
T_3.6 ;
    %load/vec4 v0x5587cf17c330_0;
    %nor/r;
    %flag_set/vec4 8;
    %jmp/0xz  T_3.20, 8;
    %pushi/vec4 3, 0, 4;
    %assign/vec4 v0x5587cf17d3f0_0, 0;
T_3.20 ;
    %jmp T_3.17;
T_3.7 ;
    %load/vec4 v0x5587cf17c470_0;
    %pad/u 64;
    %cmpi/e 130000000, 0, 64;
    %jmp/0xz  T_3.22, 4;
    %pushi/vec4 0, 0, 1;
    %assign/vec4 v0x5587cf17c930_0, 0;
    %pushi/vec4 209, 0, 8;
    %assign/vec4 v0x5587cf17d320_0, 0;
    %pushi/vec4 117, 0, 16;
    %assign/vec4 v0x5587cf17cb50_0, 0;
    %pushi/vec4 0, 0, 1;
    %assign/vec4 v0x5587cf17cbf0_0, 0;
    %pushi/vec4 1, 0, 24;
    %assign/vec4 v0x5587cf17c9f0_0, 0;
    %pushi/vec4 0, 0, 8;
    %assign/vec4 v0x5587cf17cab0_0, 0;
    %pushi/vec4 4, 0, 4;
    %assign/vec4 v0x5587cf17d3f0_0, 0;
    %pushi/vec4 1, 0, 1;
    %assign/vec4 v0x5587cf17ced0_0, 0;
    %pushi/vec4 0, 0, 24;
    %assign/vec4 v0x5587cf17cd60_0, 0;
T_3.22 ;
    %jmp T_3.17;
T_3.8 ;
    %load/vec4 v0x5587cf17c330_0;
    %flag_set/vec4 8;
    %jmp/0xz  T_3.24, 8;
    %pushi/vec4 5, 0, 4;
    %assign/vec4 v0x5587cf17d3f0_0, 0;
    %pushi/vec4 0, 0, 1;
    %assign/vec4 v0x5587cf17ced0_0, 0;
    %pushi/vec4 1, 0, 1;
    %assign/vec4 v0x5587cf17c930_0, 0;
T_3.24 ;
    %jmp T_3.17;
T_3.9 ;
    %load/vec4 v0x5587cf17d4b0_0;
    %flag_set/vec4 8;
    %jmp/0xz  T_3.26, 8;
    %pushi/vec4 6, 0, 4;
    %assign/vec4 v0x5587cf17d3f0_0, 0;
    %load/vec4 v0x5587cf17c7b0_0;
    %assign/vec4 v0x5587cf17c870_0, 0;
T_3.26 ;
    %jmp T_3.17;
T_3.10 ;
    %pushi/vec4 7, 0, 4;
    %assign/vec4 v0x5587cf17d3f0_0, 0;
    %pushi/vec4 1, 0, 1;
    %assign/vec4 v0x5587cf17d640_0, 0;
    %load/vec4 v0x5587cf17c870_0;
    %assign/vec4 v0x5587cf17d580_0, 0;
    %jmp T_3.17;
T_3.11 ;
    %load/vec4 v0x5587cf17c330_0;
    %nor/r;
    %flag_set/vec4 8;
    %jmp/0xz  T_3.28, 8;
    %pushi/vec4 0, 0, 1;
    %assign/vec4 v0x5587cf17c930_0, 0;
    %pushi/vec4 209, 0, 8;
    %assign/vec4 v0x5587cf17d320_0, 0;
    %pushi/vec4 59, 0, 16;
    %assign/vec4 v0x5587cf17cb50_0, 0;
    %pushi/vec4 0, 0, 1;
    %assign/vec4 v0x5587cf17cbf0_0, 0;
    %pushi/vec4 14, 0, 24;
    %assign/vec4 v0x5587cf17c9f0_0, 0;
    %pushi/vec4 0, 0, 8;
    %assign/vec4 v0x5587cf17cab0_0, 0;
    %pushi/vec4 8, 0, 4;
    %assign/vec4 v0x5587cf17d3f0_0, 0;
    %pushi/vec4 1, 0, 1;
    %assign/vec4 v0x5587cf17ced0_0, 0;
    %pushi/vec4 0, 0, 24;
    %assign/vec4 v0x5587cf17cd60_0, 0;
T_3.28 ;
    %jmp T_3.17;
T_3.12 ;
    %load/vec4 v0x5587cf17c330_0;
    %flag_set/vec4 8;
    %jmp/0xz  T_3.30, 8;
    %pushi/vec4 9, 0, 4;
    %assign/vec4 v0x5587cf17d3f0_0, 0;
    %pushi/vec4 0, 0, 1;
    %assign/vec4 v0x5587cf17ced0_0, 0;
    %pushi/vec4 1, 0, 1;
    %assign/vec4 v0x5587cf17c930_0, 0;
T_3.30 ;
    %jmp T_3.17;
T_3.13 ;
    %load/vec4 v0x5587cf17d4b0_0;
    %flag_set/vec4 8;
    %jmp/0xz  T_3.32, 8;
    %pushi/vec4 10, 0, 4;
    %assign/vec4 v0x5587cf17d3f0_0, 0;
    %load/vec4 v0x5587cf17c7b0_0;
    %assign/vec4 v0x5587cf17c870_0, 0;
T_3.32 ;
    %jmp T_3.17;
T_3.14 ;
    %load/vec4 v0x5587cf17cd60_0;
    %pad/u 32;
    %load/vec4 v0x5587cf17c9f0_0;
    %pad/u 32;
    %subi 1, 0, 32;
    %cmp/e;
    %jmp/0xz  T_3.34, 4;
    %pushi/vec4 7, 0, 4;
    %assign/vec4 v0x5587cf17d3f0_0, 0;
    %pushi/vec4 1, 0, 1;
    %assign/vec4 v0x5587cf17d280_0, 0;
    %jmp T_3.35;
T_3.34 ;
    %load/vec4 v0x5587cf17cd60_0;
    %addi 1, 0, 24;
    %assign/vec4 v0x5587cf17cd60_0, 0;
    %pushi/vec4 9, 0, 4;
    %assign/vec4 v0x5587cf17d3f0_0, 0;
T_3.35 ;
    %load/vec4 v0x5587cf17cd60_0;
    %dup/vec4;
    %pushi/vec4 0, 0, 24;
    %cmp/u;
    %jmp/1 T_3.36, 6;
    %dup/vec4;
    %pushi/vec4 1, 0, 24;
    %cmp/u;
    %jmp/1 T_3.37, 6;
    %dup/vec4;
    %pushi/vec4 2, 0, 24;
    %cmp/u;
    %jmp/1 T_3.38, 6;
    %dup/vec4;
    %pushi/vec4 3, 0, 24;
    %cmp/u;
    %jmp/1 T_3.39, 6;
    %dup/vec4;
    %pushi/vec4 4, 0, 24;
    %cmp/u;
    %jmp/1 T_3.40, 6;
    %dup/vec4;
    %pushi/vec4 5, 0, 24;
    %cmp/u;
    %jmp/1 T_3.41, 6;
    %dup/vec4;
    %pushi/vec4 6, 0, 24;
    %cmp/u;
    %jmp/1 T_3.42, 6;
    %dup/vec4;
    %pushi/vec4 7, 0, 24;
    %cmp/u;
    %jmp/1 T_3.43, 6;
    %dup/vec4;
    %pushi/vec4 8, 0, 24;
    %cmp/u;
    %jmp/1 T_3.44, 6;
    %dup/vec4;
    %pushi/vec4 9, 0, 24;
    %cmp/u;
    %jmp/1 T_3.45, 6;
    %dup/vec4;
    %pushi/vec4 10, 0, 24;
    %cmp/u;
    %jmp/1 T_3.46, 6;
    %dup/vec4;
    %pushi/vec4 11, 0, 24;
    %cmp/u;
    %jmp/1 T_3.47, 6;
    %dup/vec4;
    %pushi/vec4 12, 0, 24;
    %cmp/u;
    %jmp/1 T_3.48, 6;
    %dup/vec4;
    %pushi/vec4 13, 0, 24;
    %cmp/u;
    %jmp/1 T_3.49, 6;
    %jmp T_3.51;
T_3.36 ;
    %load/vec4 v0x5587cf17c870_0;
    %ix/load 4, 104, 0;
    %ix/load 5, 0, 0;
    %flag_set/imm 4, 0;
    %assign/vec4/off/d v0x5587cf17d1e0_0, 4, 5;
    %jmp T_3.51;
T_3.37 ;
    %load/vec4 v0x5587cf17c870_0;
    %ix/load 4, 96, 0;
    %ix/load 5, 0, 0;
    %flag_set/imm 4, 0;
    %assign/vec4/off/d v0x5587cf17d1e0_0, 4, 5;
    %jmp T_3.51;
T_3.38 ;
    %load/vec4 v0x5587cf17c870_0;
    %ix/load 4, 88, 0;
    %ix/load 5, 0, 0;
    %flag_set/imm 4, 0;
    %assign/vec4/off/d v0x5587cf17d1e0_0, 4, 5;
    %jmp T_3.51;
T_3.39 ;
    %load/vec4 v0x5587cf17c870_0;
    %ix/load 4, 80, 0;
    %ix/load 5, 0, 0;
    %flag_set/imm 4, 0;
    %assign/vec4/off/d v0x5587cf17d1e0_0, 4, 5;
    %jmp T_3.51;
T_3.40 ;
    %load/vec4 v0x5587cf17c870_0;
    %ix/load 4, 72, 0;
    %ix/load 5, 0, 0;
    %flag_set/imm 4, 0;
    %assign/vec4/off/d v0x5587cf17d1e0_0, 4, 5;
    %jmp T_3.51;
T_3.41 ;
    %load/vec4 v0x5587cf17c870_0;
    %ix/load 4, 64, 0;
    %ix/load 5, 0, 0;
    %flag_set/imm 4, 0;
    %assign/vec4/off/d v0x5587cf17d1e0_0, 4, 5;
    %jmp T_3.51;
T_3.42 ;
    %load/vec4 v0x5587cf17c870_0;
    %ix/load 4, 56, 0;
    %ix/load 5, 0, 0;
    %flag_set/imm 4, 0;
    %assign/vec4/off/d v0x5587cf17d1e0_0, 4, 5;
    %jmp T_3.51;
T_3.43 ;
    %load/vec4 v0x5587cf17c870_0;
    %ix/load 4, 48, 0;
    %ix/load 5, 0, 0;
    %flag_set/imm 4, 0;
    %assign/vec4/off/d v0x5587cf17d1e0_0, 4, 5;
    %jmp T_3.51;
T_3.44 ;
    %load/vec4 v0x5587cf17c870_0;
    %ix/load 4, 40, 0;
    %ix/load 5, 0, 0;
    %flag_set/imm 4, 0;
    %assign/vec4/off/d v0x5587cf17d1e0_0, 4, 5;
    %jmp T_3.51;
T_3.45 ;
    %load/vec4 v0x5587cf17c870_0;
    %ix/load 4, 32, 0;
    %ix/load 5, 0, 0;
    %flag_set/imm 4, 0;
    %assign/vec4/off/d v0x5587cf17d1e0_0, 4, 5;
    %jmp T_3.51;
T_3.46 ;
    %load/vec4 v0x5587cf17c870_0;
    %ix/load 4, 24, 0;
    %ix/load 5, 0, 0;
    %flag_set/imm 4, 0;
    %assign/vec4/off/d v0x5587cf17d1e0_0, 4, 5;
    %jmp T_3.51;
T_3.47 ;
    %load/vec4 v0x5587cf17c870_0;
    %ix/load 4, 16, 0;
    %ix/load 5, 0, 0;
    %flag_set/imm 4, 0;
    %assign/vec4/off/d v0x5587cf17d1e0_0, 4, 5;
    %jmp T_3.51;
T_3.48 ;
    %load/vec4 v0x5587cf17c870_0;
    %ix/load 4, 8, 0;
    %ix/load 5, 0, 0;
    %flag_set/imm 4, 0;
    %assign/vec4/off/d v0x5587cf17d1e0_0, 4, 5;
    %jmp T_3.51;
T_3.49 ;
    %load/vec4 v0x5587cf17c870_0;
    %ix/load 4, 0, 0;
    %ix/load 5, 0, 0;
    %flag_set/imm 4, 0;
    %assign/vec4/off/d v0x5587cf17d1e0_0, 4, 5;
    %jmp T_3.51;
T_3.51 ;
    %pop/vec4 1;
    %jmp T_3.17;
T_3.15 ;
    %pushi/vec4 233, 0, 8;
    %assign/vec4 v0x5587cf17d580_0, 0;
    %jmp T_3.17;
T_3.17 ;
    %pop/vec4 1;
    %load/vec4 v0x5587cf17c330_0;
    %load/vec4 v0x5587cf17cc90_0;
    %and;
    %flag_set/vec4 8;
    %jmp/0xz  T_3.52, 8;
    %pushi/vec4 11, 0, 4;
    %assign/vec4 v0x5587cf17d3f0_0, 0;
T_3.52 ;
T_3.1 ;
    %jmp T_3;
    .thread T_3;
    .scope S_0x5587cf17dd50;
T_4 ;
    %wait E_0x5587cf17f280;
    %load/vec4 v0x5587cf180b70_0;
    %nor/r;
    %flag_set/vec4 8;
    %jmp/0xz  T_4.0, 8;
    %pushi/vec4 1, 0, 17;
    %split/vec4 1;
    %assign/vec4 v0x5587cf17f990_0, 0;
    %assign/vec4 v0x5587cf17fa50_0, 0;
    %jmp T_4.1;
T_4.0 ;
    %load/vec4 v0x5587cf17ff70_0;
    %nor/r;
    %flag_set/vec4 8;
    %jmp/0xz  T_4.2, 8;
    %pushi/vec4 1, 0, 17;
    %split/vec4 1;
    %assign/vec4 v0x5587cf17f990_0, 0;
    %assign/vec4 v0x5587cf17fa50_0, 0;
    %jmp T_4.3;
T_4.2 ;
    %load/vec4 v0x5587cf17fa50_0;
    %addi 1, 0, 16;
    %assign/vec4 v0x5587cf17fa50_0, 0;
    %load/vec4 v0x5587cf17fa50_0;
    %pad/u 32;
    %cmpi/e 161, 0, 32;
    %jmp/0xz  T_4.4, 4;
    %load/vec4 v0x5587cf17f990_0;
    %nor/r;
    %assign/vec4 v0x5587cf17f990_0, 0;
    %pushi/vec4 0, 0, 16;
    %assign/vec4 v0x5587cf17fa50_0, 0;
T_4.4 ;
T_4.3 ;
T_4.1 ;
    %jmp T_4;
    .thread T_4;
    .scope S_0x5587cf17dd50;
T_5 ;
    %wait E_0x5587cf17f280;
    %load/vec4 v0x5587cf180b70_0;
    %nor/r;
    %flag_set/vec4 8;
    %jmp/0xz  T_5.0, 8;
    %pushi/vec4 0, 0, 9;
    %split/vec4 1;
    %assign/vec4 v0x5587cf1817a0_0, 0;
    %assign/vec4 v0x5587cf17fcf0_0, 0;
    %pushi/vec4 0, 0, 3;
    %split/vec4 1;
    %assign/vec4 v0x5587cf1805f0_0, 0;
    %split/vec4 1;
    %assign/vec4 v0x5587cf17f650_0, 0;
    %assign/vec4 v0x5587cf1809f0_0, 0;
    %pushi/vec4 0, 0, 51;
    %split/vec4 1;
    %assign/vec4 v0x5587cf17ff70_0, 0;
    %split/vec4 24;
    %assign/vec4 v0x5587cf17f710_0, 0;
    %split/vec4 1;
    %assign/vec4 v0x5587cf1816e0_0, 0;
    %split/vec4 16;
    %assign/vec4 v0x5587cf181600_0, 0;
    %split/vec4 1;
    %assign/vec4 v0x5587cf180c30_0, 0;
    %assign/vec4 v0x5587cf17f570_0, 0;
    %pushi/vec4 0, 0, 36;
    %split/vec4 8;
    %assign/vec4 v0x5587cf17f8b0_0, 0;
    %split/vec4 3;
    %assign/vec4 v0x5587cf17fb30_0, 0;
    %split/vec4 24;
    %assign/vec4 v0x5587cf180790_0, 0;
    %assign/vec4 v0x5587cf17f7f0_0, 0;
    %pushi/vec4 0, 0, 17;
    %split/vec4 8;
    %assign/vec4 v0x5587cf17fc10_0, 0;
    %split/vec4 8;
    %assign/vec4 v0x5587cf17fdd0_0, 0;
    %assign/vec4 v0x5587cf180870_0, 0;
    %pushi/vec4 0, 0, 3;
    %split/vec4 1;
    %assign/vec4 v0x5587cf17feb0_0, 0;
    %split/vec4 1;
    %assign/vec4 v0x5587cf17f3e0_0, 0;
    %assign/vec4 v0x5587cf17f4a0_0, 0;
    %pushi/vec4 0, 0, 3;
    %split/vec4 1;
    %assign/vec4 v0x5587cf180030_0, 0;
    %split/vec4 1;
    %assign/vec4 v0x5587cf181080_0, 0;
    %assign/vec4 v0x5587cf180fc0_0, 0;
    %pushi/vec4 0, 1, 1;
    %assign/vec4 v0x5587cf180930_0, 0;
    %pushi/vec4 0, 0, 4;
    %assign/vec4 v0x5587cf181520_0, 0;
    %pushi/vec4 0, 0, 4;
    %assign/vec4 v0x5587cf1806b0_0, 0;
    %jmp T_5.1;
T_5.0 ;
    %pushi/vec4 0, 0, 1;
    %assign/vec4 v0x5587cf1817a0_0, 0;
    %pushi/vec4 0, 0, 1;
    %assign/vec4 v0x5587cf1809f0_0, 0;
    %load/vec4 v0x5587cf181520_0;
    %dup/vec4;
    %pushi/vec4 0, 0, 4;
    %cmp/u;
    %jmp/1 T_5.2, 6;
    %dup/vec4;
    %pushi/vec4 1, 0, 4;
    %cmp/u;
    %jmp/1 T_5.3, 6;
    %dup/vec4;
    %pushi/vec4 2, 0, 4;
    %cmp/u;
    %jmp/1 T_5.4, 6;
    %dup/vec4;
    %pushi/vec4 3, 0, 4;
    %cmp/u;
    %jmp/1 T_5.5, 6;
    %dup/vec4;
    %pushi/vec4 4, 0, 4;
    %cmp/u;
    %jmp/1 T_5.6, 6;
    %dup/vec4;
    %pushi/vec4 5, 0, 4;
    %cmp/u;
    %jmp/1 T_5.7, 6;
    %dup/vec4;
    %pushi/vec4 6, 0, 4;
    %cmp/u;
    %jmp/1 T_5.8, 6;
    %dup/vec4;
    %pushi/vec4 7, 0, 4;
    %cmp/u;
    %jmp/1 T_5.9, 6;
    %dup/vec4;
    %pushi/vec4 8, 0, 4;
    %cmp/u;
    %jmp/1 T_5.10, 6;
    %dup/vec4;
    %pushi/vec4 9, 0, 4;
    %cmp/u;
    %jmp/1 T_5.11, 6;
    %dup/vec4;
    %pushi/vec4 10, 0, 4;
    %cmp/u;
    %jmp/1 T_5.12, 6;
    %dup/vec4;
    %pushi/vec4 11, 0, 4;
    %cmp/u;
    %jmp/1 T_5.13, 6;
    %pushi/vec4 0, 0, 4;
    %assign/vec4 v0x5587cf181520_0, 0;
    %jmp T_5.15;
T_5.2 ;
    %load/vec4 v0x5587cf180ab0_0;
    %load/vec4 v0x5587cf17f650_0;
    %nor/r;
    %and;
    %flag_set/vec4 8;
    %jmp/0xz  T_5.16, 8;
    %pushi/vec4 1, 0, 1;
    %assign/vec4 v0x5587cf17f650_0, 0;
    %pushi/vec4 1, 0, 4;
    %assign/vec4 v0x5587cf181520_0, 0;
    %pushi/vec4 3, 0, 4;
    %assign/vec4 v0x5587cf1806b0_0, 0;
    %load/vec4 v0x5587cf1800f0_0;
    %assign/vec4 v0x5587cf17f570_0, 0;
    %load/vec4 v0x5587cf1800f0_0;
    %parti/s 1, 0, 2;
    %assign/vec4 v0x5587cf180c30_0, 0;
    %load/vec4 v0x5587cf180530_0;
    %flag_set/vec4 8;
    %jmp/0 T_5.18, 8;
    %load/vec4 v0x5587cf180450_0;
    %jmp/1 T_5.19, 8;
T_5.18 ; End of true expr.
    %load/vec4 v0x5587cf180450_0;
    %parti/s 8, 0, 2;
    %concati/vec4 0, 0, 8;
    %jmp/0 T_5.19, 8;
 ; End of false expr.
    %blend;
T_5.19;
    %assign/vec4 v0x5587cf181600_0, 0;
    %load/vec4 v0x5587cf180530_0;
    %assign/vec4 v0x5587cf1816e0_0, 0;
    %load/vec4 v0x5587cf180370_0;
    %assign/vec4 v0x5587cf17fdd0_0, 0;
    %load/vec4 v0x5587cf1801d0_0;
    %assign/vec4 v0x5587cf17f710_0, 0;
    %pushi/vec4 1, 0, 1;
    %assign/vec4 v0x5587cf17ff70_0, 0;
    %pushi/vec4 1, 0, 1;
    %assign/vec4 v0x5587cf180930_0, 0;
    %pushi/vec4 0, 0, 1;
    %assign/vec4 v0x5587cf1805f0_0, 0;
    %pushi/vec4 0, 0, 1;
    %assign/vec4 v0x5587cf180870_0, 0;
    %pushi/vec4 0, 0, 24;
    %assign/vec4 v0x5587cf180790_0, 0;
    %pushi/vec4 0, 0, 1;
    %assign/vec4 v0x5587cf17f7f0_0, 0;
T_5.16 ;
    %jmp T_5.15;
T_5.3 ;
    %load/vec4 v0x5587cf181200_0;
    %load/vec4 v0x5587cf180cf0_0;
    %and;
    %load/vec4 v0x5587cf17fa50_0;
    %pushi/vec4 91, 0, 16;
    %cmp/e;
    %flag_get/vec4 4;
    %and;
    %flag_set/vec4 8;
    %jmp/0xz  T_5.20, 8;
    %pushi/vec4 0, 0, 1;
    %assign/vec4 v0x5587cf180930_0, 0;
    %load/vec4 v0x5587cf17f570_0;
    %parti/s 7, 1, 2;
    %concati/vec4 0, 0, 1;
    %assign/vec4 v0x5587cf17f8b0_0, 0;
    %pushi/vec4 3, 0, 4;
    %assign/vec4 v0x5587cf181520_0, 0;
    %vpi_call 2 494 "$display", "DUT: I2C MASTER | TIMESTAMP: %t | MESSAGE: START INDICATION!", $time {0 0 0};
T_5.20 ;
    %jmp T_5.15;
T_5.4 ;
    %load/vec4 v0x5587cf180cf0_0;
    %nor/r;
    %load/vec4 v0x5587cf181200_0;
    %and;
    %flag_set/vec4 8;
    %jmp/0xz  T_5.22, 8;
    %pushi/vec4 1, 0, 1;
    %assign/vec4 v0x5587cf180930_0, 0;
T_5.22 ;
    %load/vec4 v0x5587cf181200_0;
    %nor/r;
    %load/vec4 v0x5587cf180cf0_0;
    %and;
    %flag_set/vec4 8;
    %jmp/0xz  T_5.24, 8;
    %pushi/vec4 1, 0, 1;
    %assign/vec4 v0x5587cf180fc0_0, 0;
T_5.24 ;
    %load/vec4 v0x5587cf180fc0_0;
    %flag_set/vec4 8;
    %jmp/0xz  T_5.26, 8;
    %load/vec4 v0x5587cf17fa50_0;
    %cmpi/e 91, 0, 16;
    %jmp/0xz  T_5.28, 4;
    %pushi/vec4 0, 0, 1;
    %assign/vec4 v0x5587cf180fc0_0, 0;
    %pushi/vec4 0, 0, 1;
    %assign/vec4 v0x5587cf180930_0, 0;
    %pushi/vec4 3, 0, 4;
    %assign/vec4 v0x5587cf181520_0, 0;
    %load/vec4 v0x5587cf17f570_0;
    %assign/vec4 v0x5587cf17f8b0_0, 0;
T_5.28 ;
T_5.26 ;
    %jmp T_5.15;
T_5.5 ;
    %load/vec4 v0x5587cf17f7f0_0;
    %load/vec4 v0x5587cf17fb30_0;
    %parti/s 1, 0, 2;
    %and;
    %flag_set/vec4 8;
    %jmp/0xz  T_5.30, 8;
    %pushi/vec4 0, 0, 1;
    %assign/vec4 v0x5587cf17f7f0_0, 0;
    %load/vec4 v0x5587cf180870_0;
    %flag_set/vec4 8;
    %jmp/0 T_5.32, 8;
    %pushi/vec4 5, 0, 4;
    %jmp/1 T_5.33, 8;
T_5.32 ; End of true expr.
    %pushi/vec4 4, 0, 4;
    %jmp/0 T_5.33, 8;
 ; End of false expr.
    %blend;
T_5.33;
    %assign/vec4 v0x5587cf1806b0_0, 0;
    %load/vec4 v0x5587cf181600_0;
    %parti/s 8, 8, 5;
    %assign/vec4 v0x5587cf17f8b0_0, 0;
    %pushi/vec4 8, 0, 4;
    %assign/vec4 v0x5587cf181520_0, 0;
    %pushi/vec4 0, 1, 1;
    %assign/vec4 v0x5587cf180930_0, 0;
    %pushi/vec4 0, 0, 3;
    %assign/vec4 v0x5587cf17fb30_0, 0;
    %vpi_call 2 538 "$display", "DUT: I2C MASTER | TIMESTAMP: %t | MESSAGE: SLAVE_ADDR SENT!", $time {0 0 0};
    %jmp T_5.31;
T_5.30 ;
    %load/vec4 v0x5587cf180cf0_0;
    %nor/r;
    %load/vec4 v0x5587cf181200_0;
    %and;
    %flag_set/vec4 8;
    %jmp/0xz  T_5.34, 8;
    %pushi/vec4 1, 0, 1;
    %assign/vec4 v0x5587cf181080_0, 0;
T_5.34 ;
    %load/vec4 v0x5587cf181080_0;
    %flag_set/vec4 8;
    %jmp/0xz  T_5.36, 8;
    %load/vec4 v0x5587cf17fa50_0;
    %cmpi/e 3, 0, 16;
    %jmp/0xz  T_5.38, 4;
    %load/vec4 v0x5587cf17f7f0_0;
    %load/vec4 v0x5587cf17fb30_0;
    %concat/vec4; draw_concat_vec4
    %addi 1, 0, 4;
    %split/vec4 3;
    %assign/vec4 v0x5587cf17fb30_0, 0;
    %assign/vec4 v0x5587cf17f7f0_0, 0;
    %load/vec4 v0x5587cf17f8b0_0;
    %parti/s 1, 7, 4;
    %assign/vec4 v0x5587cf180930_0, 0;
    %load/vec4 v0x5587cf17f8b0_0;
    %parti/s 7, 0, 2;
    %concati/vec4 0, 0, 1;
    %assign/vec4 v0x5587cf17f8b0_0, 0;
    %pushi/vec4 0, 0, 1;
    %assign/vec4 v0x5587cf181080_0, 0;
T_5.38 ;
T_5.36 ;
T_5.31 ;
    %jmp T_5.15;
T_5.6 ;
    %load/vec4 v0x5587cf17f7f0_0;
    %load/vec4 v0x5587cf17fb30_0;
    %parti/s 1, 0, 2;
    %and;
    %flag_set/vec4 8;
    %jmp/0xz  T_5.40, 8;
    %load/vec4 v0x5587cf1816e0_0;
    %flag_set/vec4 8;
    %jmp/0xz  T_5.42, 8;
    %pushi/vec4 8, 0, 4;
    %assign/vec4 v0x5587cf181520_0, 0;
    %pushi/vec4 4, 0, 4;
    %assign/vec4 v0x5587cf1806b0_0, 0;
    %pushi/vec4 0, 0, 1;
    %assign/vec4 v0x5587cf1816e0_0, 0;
    %load/vec4 v0x5587cf181600_0;
    %parti/s 8, 0, 2;
    %assign/vec4 v0x5587cf17f8b0_0, 0;
    %vpi_call 2 571 "$display", "DUT: I2C MASTER | TIMESTAMP: %t | MESSAGE: MSB OF SUB ADDR SENT", $time {0 0 0};
    %jmp T_5.43;
T_5.42 ;
    %load/vec4 v0x5587cf180c30_0;
    %flag_set/vec4 8;
    %jmp/0 T_5.44, 8;
    %pushi/vec4 2, 0, 4;
    %jmp/1 T_5.45, 8;
T_5.44 ; End of true expr.
    %pushi/vec4 6, 0, 4;
    %jmp/0 T_5.45, 8;
 ; End of false expr.
    %blend;
T_5.45;
    %assign/vec4 v0x5587cf1806b0_0, 0;
    %load/vec4 v0x5587cf180c30_0;
    %flag_set/vec4 8;
    %jmp/0 T_5.46, 8;
    %load/vec4 v0x5587cf17f8b0_0;
    %jmp/1 T_5.47, 8;
T_5.46 ; End of true expr.
    %load/vec4 v0x5587cf17fdd0_0;
    %jmp/0 T_5.47, 8;
 ; End of false expr.
    %blend;
T_5.47;
    %assign/vec4 v0x5587cf17f8b0_0, 0;
    %pushi/vec4 1, 0, 1;
    %assign/vec4 v0x5587cf180870_0, 0;
    %vpi_call 2 577 "$display", "DUT: I2C MASTER | TIMESTAMP: %t | MESSAGE: SUB ADDR SENT", $time {0 0 0};
T_5.43 ;
    %pushi/vec4 0, 0, 3;
    %assign/vec4 v0x5587cf17fb30_0, 0;
    %pushi/vec4 0, 0, 1;
    %assign/vec4 v0x5587cf17f7f0_0, 0;
    %pushi/vec4 8, 0, 4;
    %assign/vec4 v0x5587cf181520_0, 0;
    %pushi/vec4 0, 1, 1;
    %assign/vec4 v0x5587cf180930_0, 0;
    %jmp T_5.41;
T_5.40 ;
    %load/vec4 v0x5587cf180cf0_0;
    %nor/r;
    %load/vec4 v0x5587cf181200_0;
    %and;
    %flag_set/vec4 8;
    %jmp/0xz  T_5.48, 8;
    %pushi/vec4 1, 0, 1;
    %assign/vec4 v0x5587cf181080_0, 0;
T_5.48 ;
    %load/vec4 v0x5587cf181080_0;
    %flag_set/vec4 8;
    %jmp/0xz  T_5.50, 8;
    %load/vec4 v0x5587cf17fa50_0;
    %cmpi/e 3, 0, 16;
    %jmp/0xz  T_5.52, 4;
    %pushi/vec4 0, 0, 1;
    %assign/vec4 v0x5587cf181080_0, 0;
    %load/vec4 v0x5587cf17f7f0_0;
    %load/vec4 v0x5587cf17fb30_0;
    %concat/vec4; draw_concat_vec4
    %addi 1, 0, 4;
    %split/vec4 3;
    %assign/vec4 v0x5587cf17fb30_0, 0;
    %assign/vec4 v0x5587cf17f7f0_0, 0;
    %load/vec4 v0x5587cf17f8b0_0;
    %parti/s 1, 7, 4;
    %assign/vec4 v0x5587cf180930_0, 0;
    %load/vec4 v0x5587cf17f8b0_0;
    %parti/s 7, 0, 2;
    %concati/vec4 0, 0, 1;
    %assign/vec4 v0x5587cf17f8b0_0, 0;
T_5.52 ;
T_5.50 ;
T_5.41 ;
    %jmp T_5.15;
T_5.7 ;
    %load/vec4 v0x5587cf17f7f0_0;
    %flag_set/vec4 8;
    %jmp/0xz  T_5.54, 8;
    %pushi/vec4 0, 0, 1;
    %assign/vec4 v0x5587cf17f7f0_0, 0;
    %load/vec4 v0x5587cf17fc10_0;
    %assign/vec4 v0x5587cf17fcf0_0, 0;
    %pushi/vec4 1, 0, 1;
    %assign/vec4 v0x5587cf1817a0_0, 0;
    %pushi/vec4 9, 0, 4;
    %assign/vec4 v0x5587cf181520_0, 0;
    %load/vec4 v0x5587cf180790_0;
    %pad/u 32;
    %load/vec4 v0x5587cf17f710_0;
    %pad/u 32;
    %subi 1, 0, 32;
    %cmp/e;
    %flag_mov 8, 4;
    %jmp/0 T_5.56, 8;
    %pushi/vec4 10, 0, 4;
    %jmp/1 T_5.57, 8;
T_5.56 ; End of true expr.
    %pushi/vec4 5, 0, 4;
    %jmp/0 T_5.57, 8;
 ; End of false expr.
    %blend;
T_5.57;
    %assign/vec4 v0x5587cf1806b0_0, 0;
    %load/vec4 v0x5587cf180790_0;
    %pad/u 32;
    %load/vec4 v0x5587cf17f710_0;
    %pad/u 32;
    %subi 1, 0, 32;
    %cmp/e;
    %flag_get/vec4 4;
    %assign/vec4 v0x5587cf17f4a0_0, 0;
    %load/vec4 v0x5587cf180790_0;
    %addi 1, 0, 24;
    %assign/vec4 v0x5587cf180790_0, 0;
    %pushi/vec4 1, 0, 1;
    %assign/vec4 v0x5587cf17f3e0_0, 0;
    %vpi_call 2 618 "$display", "DUT: I2C MASTER | TIMESTAMP: %t | MESSAGE: READ BYTE #%d SENT!", $time, v0x5587cf180790_0 {0 0 0};
    %jmp T_5.55;
T_5.54 ;
    %load/vec4 v0x5587cf181200_0;
    %nor/r;
    %load/vec4 v0x5587cf180cf0_0;
    %and;
    %flag_set/vec4 8;
    %jmp/0xz  T_5.58, 8;
    %pushi/vec4 1, 0, 1;
    %assign/vec4 v0x5587cf180fc0_0, 0;
T_5.58 ;
    %load/vec4 v0x5587cf180fc0_0;
    %flag_set/vec4 8;
    %jmp/0xz  T_5.60, 8;
    %load/vec4 v0x5587cf17fa50_0;
    %cmpi/e 91, 0, 16;
    %jmp/0xz  T_5.62, 4;
    %pushi/vec4 0, 0, 1;
    %assign/vec4 v0x5587cf1817a0_0, 0;
    %load/vec4 v0x5587cf17fb30_0;
    %pad/u 4;
    %addi 1, 0, 4;
    %split/vec4 3;
    %assign/vec4 v0x5587cf17fb30_0, 0;
    %assign/vec4 v0x5587cf17f7f0_0, 0;
    %load/vec4 v0x5587cf17fc10_0;
    %parti/s 7, 0, 2;
    %load/vec4 v0x5587cf181460_0;
    %concat/vec4; draw_concat_vec4
    %assign/vec4 v0x5587cf17fc10_0, 0;
    %pushi/vec4 0, 0, 1;
    %assign/vec4 v0x5587cf180fc0_0, 0;
T_5.62 ;
T_5.60 ;
T_5.55 ;
    %jmp T_5.15;
T_5.8 ;
    %load/vec4 v0x5587cf17f7f0_0;
    %load/vec4 v0x5587cf17fb30_0;
    %parti/s 1, 0, 2;
    %and;
    %flag_set/vec4 8;
    %jmp/0xz  T_5.64, 8;
    %pushi/vec4 0, 0, 3;
    %assign/vec4 v0x5587cf17fb30_0, 0;
    %pushi/vec4 0, 0, 1;
    %assign/vec4 v0x5587cf17f7f0_0, 0;
    %pushi/vec4 8, 0, 4;
    %assign/vec4 v0x5587cf181520_0, 0;
    %pushi/vec4 0, 1, 1;
    %assign/vec4 v0x5587cf180930_0, 0;
    %load/vec4 v0x5587cf180790_0;
    %pad/u 32;
    %load/vec4 v0x5587cf17f710_0;
    %pad/u 32;
    %subi 1, 0, 32;
    %cmp/e;
    %flag_mov 8, 4;
    %jmp/0 T_5.66, 8;
    %pushi/vec4 10, 0, 4;
    %jmp/1 T_5.67, 8;
T_5.66 ; End of true expr.
    %pushi/vec4 7, 0, 4;
    %jmp/0 T_5.67, 8;
 ; End of false expr.
    %blend;
T_5.67;
    %assign/vec4 v0x5587cf1806b0_0, 0;
    %load/vec4 v0x5587cf180790_0;
    %addi 1, 0, 24;
    %assign/vec4 v0x5587cf180790_0, 0;
    %pushi/vec4 1, 0, 1;
    %assign/vec4 v0x5587cf180030_0, 0;
    %vpi_call 2 651 "$display", "DUT: I2C MASTER | TIMESTAMP: %t | MESSAGE: WRITE BYTE #%d SENT!", $time, v0x5587cf180790_0 {0 0 0};
    %jmp T_5.65;
T_5.64 ;
    %load/vec4 v0x5587cf180cf0_0;
    %nor/r;
    %load/vec4 v0x5587cf181200_0;
    %and;
    %flag_set/vec4 8;
    %jmp/0xz  T_5.68, 8;
    %pushi/vec4 1, 0, 1;
    %assign/vec4 v0x5587cf181080_0, 0;
T_5.68 ;
    %load/vec4 v0x5587cf181080_0;
    %flag_set/vec4 8;
    %jmp/0xz  T_5.70, 8;
    %load/vec4 v0x5587cf17fa50_0;
    %cmpi/e 3, 0, 16;
    %jmp/0xz  T_5.72, 4;
    %load/vec4 v0x5587cf17f7f0_0;
    %load/vec4 v0x5587cf17fb30_0;
    %concat/vec4; draw_concat_vec4
    %addi 1, 0, 4;
    %split/vec4 3;
    %assign/vec4 v0x5587cf17fb30_0, 0;
    %assign/vec4 v0x5587cf17f7f0_0, 0;
    %load/vec4 v0x5587cf17f8b0_0;
    %parti/s 1, 7, 4;
    %assign/vec4 v0x5587cf180930_0, 0;
    %load/vec4 v0x5587cf17f8b0_0;
    %parti/s 7, 0, 2;
    %concati/vec4 0, 0, 1;
    %assign/vec4 v0x5587cf17f8b0_0, 0;
    %pushi/vec4 0, 0, 1;
    %assign/vec4 v0x5587cf181080_0, 0;
T_5.72 ;
T_5.70 ;
T_5.65 ;
    %jmp T_5.15;
T_5.9 ;
    %load/vec4 v0x5587cf180030_0;
    %flag_set/vec4 8;
    %jmp/0xz  T_5.74, 8;
    %pushi/vec4 1, 0, 1;
    %assign/vec4 v0x5587cf1809f0_0, 0;
    %pushi/vec4 0, 0, 1;
    %assign/vec4 v0x5587cf180030_0, 0;
    %jmp T_5.75;
T_5.74 ;
    %pushi/vec4 6, 0, 4;
    %assign/vec4 v0x5587cf181520_0, 0;
    %load/vec4 v0x5587cf180370_0;
    %assign/vec4 v0x5587cf17f8b0_0, 0;
T_5.75 ;
    %jmp T_5.15;
T_5.10 ;
    %load/vec4 v0x5587cf181200_0;
    %nor/r;
    %load/vec4 v0x5587cf180cf0_0;
    %and;
    %flag_set/vec4 8;
    %jmp/0xz  T_5.76, 8;
    %pushi/vec4 1, 0, 1;
    %assign/vec4 v0x5587cf180fc0_0, 0;
T_5.76 ;
    %load/vec4 v0x5587cf180fc0_0;
    %flag_set/vec4 8;
    %jmp/0xz  T_5.78, 8;
    %load/vec4 v0x5587cf17fa50_0;
    %cmpi/e 91, 0, 16;
    %jmp/0xz  T_5.80, 4;
    %load/vec4 v0x5587cf181460_0;
    %nor/r;
    %flag_set/vec4 8;
    %jmp/0xz  T_5.82, 8;
    %load/vec4 v0x5587cf1806b0_0;
    %assign/vec4 v0x5587cf181520_0, 0;
    %vpi_call 2 700 "$display", "DUT: I2C MASTER | TIMESTAMP: %t | MESSAGE: rx ack encountered", $time {0 0 0};
    %jmp T_5.83;
T_5.82 ;
    %vpi_call 2 703 "$display", "DUT: I2C MASTER | TIMESTAMP: %t | MESSAGE: rx nack encountered", $time {0 0 0};
    %pushi/vec4 1, 0, 1;
    %assign/vec4 v0x5587cf1805f0_0, 0;
    %pushi/vec4 0, 0, 1;
    %assign/vec4 v0x5587cf17f650_0, 0;
    %pushi/vec4 0, 1, 1;
    %assign/vec4 v0x5587cf180930_0, 0;
    %pushi/vec4 0, 0, 1;
    %assign/vec4 v0x5587cf17ff70_0, 0;
    %pushi/vec4 0, 0, 4;
    %assign/vec4 v0x5587cf181520_0, 0;
T_5.83 ;
    %pushi/vec4 0, 0, 1;
    %assign/vec4 v0x5587cf180fc0_0, 0;
T_5.80 ;
T_5.78 ;
    %jmp T_5.15;
T_5.11 ;
    %load/vec4 v0x5587cf180cf0_0;
    %nor/r;
    %load/vec4 v0x5587cf181200_0;
    %and;
    %flag_set/vec4 8;
    %jmp/0xz  T_5.84, 8;
    %pushi/vec4 1, 0, 1;
    %assign/vec4 v0x5587cf181080_0, 0;
T_5.84 ;
    %load/vec4 v0x5587cf181080_0;
    %flag_set/vec4 8;
    %jmp/0xz  T_5.86, 8;
    %load/vec4 v0x5587cf17fa50_0;
    %cmpi/e 3, 0, 16;
    %jmp/0xz  T_5.88, 4;
    %load/vec4 v0x5587cf17f3e0_0;
    %flag_set/vec4 8;
    %jmp/0xz  T_5.90, 8;
    %load/vec4 v0x5587cf17f4a0_0;
    %assign/vec4 v0x5587cf180930_0, 0;
    %pushi/vec4 0, 0, 1;
    %assign/vec4 v0x5587cf17f3e0_0, 0;
    %jmp T_5.91;
T_5.90 ;
    %load/vec4 v0x5587cf1806b0_0;
    %cmpi/e 10, 0, 4;
    %flag_mov 8, 4;
    %jmp/0 T_5.92, 8;
    %pushi/vec4 0, 0, 1;
    %jmp/1 T_5.93, 8;
T_5.92 ; End of true expr.
    %pushi/vec4 0, 1, 1;
    %jmp/0 T_5.93, 8;
 ; End of false expr.
    %blend;
T_5.93;
    %assign/vec4 v0x5587cf180930_0, 0;
    %load/vec4 v0x5587cf1806b0_0;
    %cmpi/e 10, 0, 4;
    %flag_mov 8, 4;
    %jmp/0 T_5.94, 8;
    %pushi/vec4 1, 0, 1;
    %jmp/1 T_5.95, 8;
T_5.94 ; End of true expr.
    %load/vec4 v0x5587cf17feb0_0;
    %jmp/0 T_5.95, 8;
 ; End of false expr.
    %blend;
T_5.95;
    %assign/vec4 v0x5587cf17feb0_0, 0;
    %load/vec4 v0x5587cf1806b0_0;
    %assign/vec4 v0x5587cf181520_0, 0;
T_5.91 ;
    %pushi/vec4 0, 0, 1;
    %assign/vec4 v0x5587cf181080_0, 0;
T_5.88 ;
T_5.86 ;
    %jmp T_5.15;
T_5.12 ;
    %load/vec4 v0x5587cf180cf0_0;
    %nor/r;
    %load/vec4 v0x5587cf181200_0;
    %and;
    %load/vec4 v0x5587cf180c30_0;
    %nor/r;
    %and;
    %flag_set/vec4 8;
    %jmp/0xz  T_5.96, 8;
    %pushi/vec4 0, 0, 1;
    %assign/vec4 v0x5587cf180930_0, 0;
    %pushi/vec4 1, 0, 1;
    %assign/vec4 v0x5587cf17feb0_0, 0;
T_5.96 ;
    %load/vec4 v0x5587cf180cf0_0;
    %load/vec4 v0x5587cf181200_0;
    %and;
    %load/vec4 v0x5587cf17feb0_0;
    %and;
    %flag_set/vec4 8;
    %jmp/0xz  T_5.98, 8;
    %pushi/vec4 1, 0, 1;
    %assign/vec4 v0x5587cf180fc0_0, 0;
    %pushi/vec4 0, 0, 1;
    %assign/vec4 v0x5587cf17feb0_0, 0;
T_5.98 ;
    %load/vec4 v0x5587cf180fc0_0;
    %flag_set/vec4 8;
    %jmp/0xz  T_5.100, 8;
    %load/vec4 v0x5587cf17fa50_0;
    %cmpi/e 78, 0, 16;
    %jmp/0xz  T_5.102, 4;
    %pushi/vec4 1, 0, 1;
    %assign/vec4 v0x5587cf180930_0, 0;
    %pushi/vec4 11, 0, 4;
    %assign/vec4 v0x5587cf181520_0, 0;
    %pushi/vec4 0, 0, 1;
    %assign/vec4 v0x5587cf180fc0_0, 0;
T_5.102 ;
T_5.100 ;
    %jmp T_5.15;
T_5.13 ;
    %load/vec4 v0x5587cf17fa50_0;
    %pad/u 32;
    %cmpi/e 159, 0, 32;
    %jmp/0xz  T_5.104, 4;
    %pushi/vec4 0, 0, 1;
    %assign/vec4 v0x5587cf17ff70_0, 0;
    %pushi/vec4 0, 0, 4;
    %assign/vec4 v0x5587cf181520_0, 0;
    %pushi/vec4 0, 1, 1;
    %assign/vec4 v0x5587cf180930_0, 0;
    %pushi/vec4 0, 0, 1;
    %assign/vec4 v0x5587cf17f650_0, 0;
T_5.104 ;
    %jmp T_5.15;
T_5.15 ;
    %pop/vec4 1;
T_5.1 ;
    %jmp T_5;
    .thread T_5;
    .scope S_0x5587cf17dd50;
T_6 ;
    %wait E_0x5587cf17dbe0;
    %load/vec4 v0x5587cf180b70_0;
    %nor/r;
    %flag_set/vec4 8;
    %jmp/0xz  T_6.0, 8;
    %pushi/vec4 0, 0, 3;
    %split/vec4 1;
    %assign/vec4 v0x5587cf181460_0, 0;
    %assign/vec4 v0x5587cf1812c0_0, 0;
    %pushi/vec4 0, 0, 2;
    %split/vec4 1;
    %assign/vec4 v0x5587cf181200_0, 0;
    %assign/vec4 v0x5587cf180cf0_0, 0;
    %jmp T_6.1;
T_6.0 ;
    %load/vec4 v0x5587cf1812c0_0;
    %parti/s 1, 0, 2;
    %load/vec4 v0x5587cf1813a0_0;
    %concat/vec4; draw_concat_vec4
    %assign/vec4 v0x5587cf1812c0_0, 0;
    %load/vec4 v0x5587cf1812c0_0;
    %parti/s 1, 1, 2;
    %assign/vec4 v0x5587cf181460_0, 0;
    %load/vec4 v0x5587cf17f990_0;
    %assign/vec4 v0x5587cf180cf0_0, 0;
    %load/vec4 v0x5587cf180cf0_0;
    %assign/vec4 v0x5587cf181200_0, 0;
T_6.1 ;
    %jmp T_6;
    .thread T_6;
    .scope S_0x5587cf15c9e0;
T_7 ;
    %pushi/vec4 0, 0, 1;
    %store/vec4 v0x5587cf1820b0_0, 0, 1;
    %end;
    .thread T_7;
    .scope S_0x5587cf15c9e0;
T_8 ;
    %delay 3846, 0;
    %load/vec4 v0x5587cf1820b0_0;
    %inv;
    %store/vec4 v0x5587cf1820b0_0, 0, 1;
    %jmp T_8;
    .thread T_8;
    .scope S_0x5587cf15c9e0;
T_9 ;
    %pushi/vec4 0, 0, 1;
    %store/vec4 v0x5587cf182660_0, 0, 1;
    %delay 20000, 0;
    %pushi/vec4 1, 0, 1;
    %store/vec4 v0x5587cf182660_0, 0, 1;
    %end;
    .thread T_9;
    .scope S_0x5587cf15c9e0;
T_10 ;
    %vpi_call 3 99 "$display", "INFO: Simulation Started with CLK_FREQ = %0d MHz", P_0x5587cf0a1b20 {0 0 0};
    %pushi/vec4 0, 0, 1;
    %store/vec4 v0x5587cf182590_0, 0, 1;
    %pushi/vec4 0, 0, 8;
    %store/vec4 v0x5587cf181ef0_0, 0, 8;
    %pushi/vec4 0, 0, 16;
    %store/vec4 v0x5587cf182250_0, 0, 16;
    %pushi/vec4 0, 0, 1;
    %store/vec4 v0x5587cf182320_0, 0, 1;
    %pushi/vec4 0, 0, 24;
    %store/vec4 v0x5587cf181fe0_0, 0, 24;
    %pushi/vec4 0, 0, 8;
    %store/vec4 v0x5587cf182180_0, 0, 8;
    %wait E_0x5587cf17dca0;
    %delay 10000, 0;
    %vpi_call 3 112 "$display", "INFO: Starting Write Test..." {0 0 0};
    %pushi/vec4 208, 0, 8;
    %assign/vec4 v0x5587cf181ef0_0, 0;
    %pushi/vec4 107, 0, 16;
    %assign/vec4 v0x5587cf182250_0, 0;
    %pushi/vec4 0, 0, 1;
    %assign/vec4 v0x5587cf182320_0, 0;
    %pushi/vec4 1, 0, 24;
    %assign/vec4 v0x5587cf181fe0_0, 0;
    %pushi/vec4 1, 0, 8;
    %assign/vec4 v0x5587cf182180_0, 0;
    %pushi/vec4 1, 0, 1;
    %assign/vec4 v0x5587cf182590_0, 0;
    %wait E_0x5587cf17dc40;
    %pushi/vec4 0, 0, 1;
    %assign/vec4 v0x5587cf182590_0, 0;
T_10.0 ;
    %load/vec4 v0x5587cf181ce0_0;
    %pushi/vec4 1, 0, 1;
    %cmp/e;
    %flag_get/vec4 4;
    %cmpi/ne 1, 0, 1;
    %jmp/0xz T_10.1, 6;
    %wait E_0x5587cf17dba0;
    %jmp T_10.0;
T_10.1 ;
T_10.2 ;
    %load/vec4 v0x5587cf181ce0_0;
    %pushi/vec4 0, 0, 1;
    %cmp/e;
    %flag_get/vec4 4;
    %cmpi/ne 1, 0, 1;
    %jmp/0xz T_10.3, 6;
    %wait E_0x5587cf17dba0;
    %jmp T_10.2;
T_10.3 ;
    %vpi_call 3 125 "$display", "INFO: Write Test Finished." {0 0 0};
    %delay 200000, 0;
    %vpi_call 3 130 "$display", "INFO: Starting Read Test..." {0 0 0};
    %pushi/vec4 209, 0, 8;
    %assign/vec4 v0x5587cf181ef0_0, 0;
    %pushi/vec4 117, 0, 16;
    %assign/vec4 v0x5587cf182250_0, 0;
    %pushi/vec4 0, 0, 1;
    %assign/vec4 v0x5587cf182320_0, 0;
    %pushi/vec4 1, 0, 24;
    %assign/vec4 v0x5587cf181fe0_0, 0;
    %pushi/vec4 1, 0, 1;
    %assign/vec4 v0x5587cf182590_0, 0;
    %wait E_0x5587cf17dc40;
    %pushi/vec4 0, 0, 1;
    %assign/vec4 v0x5587cf182590_0, 0;
T_10.4 ;
    %load/vec4 v0x5587cf181ce0_0;
    %pushi/vec4 1, 0, 1;
    %cmp/e;
    %flag_get/vec4 4;
    %cmpi/ne 1, 0, 1;
    %jmp/0xz T_10.5, 6;
    %wait E_0x5587cf17dba0;
    %jmp T_10.4;
T_10.5 ;
T_10.6 ;
    %load/vec4 v0x5587cf181ce0_0;
    %pushi/vec4 0, 0, 1;
    %cmp/e;
    %flag_get/vec4 4;
    %cmpi/ne 1, 0, 1;
    %jmp/0xz T_10.7, 6;
    %wait E_0x5587cf17dba0;
    %jmp T_10.6;
T_10.7 ;
    %vpi_call 3 142 "$display", "INFO: Read Test Finished." {0 0 0};
    %delay 1000000, 0;
    %vpi_call 3 145 "$display", "INFO: All tests completed." {0 0 0};
    %vpi_call 3 146 "$finish" {0 0 0};
    %end;
    .thread T_10;
    .scope S_0x5587cf15c9e0;
T_11 ;
    %wait E_0x5587cf17db40;
    %load/vec4 v0x5587cf182660_0;
    %pad/u 32;
    %cmpi/e 0, 0, 32;
    %jmp/0xz  T_11.0, 4;
    %pushi/vec4 0, 0, 4;
    %assign/vec4 v0x5587cf181c20_0, 0;
    %pushi/vec4 0, 0, 1;
    %assign/vec4 v0x5587cf1828d0_0, 0;
    %jmp T_11.1;
T_11.0 ;
    %pushi/vec4 0, 0, 1;
    %assign/vec4 v0x5587cf1828d0_0, 0;
    %load/vec4 v0x5587cf181c20_0;
    %pad/u 32;
    %cmpi/e 8, 0, 32;
    %jmp/0xz  T_11.2, 4;
    %pushi/vec4 1, 0, 1;
    %assign/vec4 v0x5587cf1828d0_0, 0;
    %pushi/vec4 0, 0, 4;
    %assign/vec4 v0x5587cf181c20_0, 0;
    %jmp T_11.3;
T_11.2 ;
    %load/vec4 v0x5587cf181c20_0;
    %addi 1, 0, 4;
    %assign/vec4 v0x5587cf181c20_0, 0;
T_11.3 ;
T_11.1 ;
    %jmp T_11;
    .thread T_11;
    .scope S_0x5587cf15c9e0;
T_12 ;
    %wait E_0x5587cf17dab0;
    %load/vec4 v0x5587cf182730_0;
    %flag_set/vec4 8;
    %jmp/0xz  T_12.0, 8;
    %pushi/vec4 0, 0, 4;
    %assign/vec4 v0x5587cf181c20_0, 0;
T_12.0 ;
    %jmp T_12;
    .thread T_12;
    .scope S_0x5587cf15c9e0;
T_13 ;
    %pushi/real 0, 4065; load=0.00000
    %store/real v0x5587cf182a10_0;
    %pushi/real 0, 4065; load=0.00000
    %store/real v0x5587cf182ab0_0;
    %end;
    .thread T_13;
    .scope S_0x5587cf15c9e0;
T_14 ;
    %wait E_0x5587cf0e51b0;
    %vpi_func/r 3 186 "$realtime" {0 0 0};
    %store/real v0x5587cf182ab0_0;
    %jmp T_14;
    .thread T_14, $push;
    .scope S_0x5587cf15c9e0;
T_15 ;
    %wait E_0x5587cf17da50;
    %vpi_func/r 3 187 "$realtime" {0 0 0};
    %store/real v0x5587cf182a10_0;
    %jmp T_15;
    .thread T_15;
    .scope S_0x5587cf15c9e0;
T_16 ;
    %wait E_0x5587cf15c520;
    %load/vec4 v0x5587cf17f650_0;
    %load/vec4 v0x5587cf181520_0;
    %pad/u 6;
    %pushi/vec4 6, 0, 6;
    %cmp/e;
    %flag_get/vec4 4;
    %load/vec4 v0x5587cf181520_0;
    %pad/u 6;
    %pushi/vec4 3, 0, 6;
    %cmp/e;
    %flag_get/vec4 4;
    %or;
    %load/vec4 v0x5587cf181520_0;
    %pad/u 6;
    %pushi/vec4 4, 0, 6;
    %cmp/e;
    %flag_get/vec4 4;
    %or;
    %and;
    %flag_set/vec4 8;
    %jmp/0xz  T_16.0, 8;
    %vpi_func/r 3 193 "$realtime" {0 0 0};
    %load/real v0x5587cf182ab0_0;
    %sub/wr;
    %store/real v0x5587cf182970_0;
    %load/real v0x5587cf182970_0;
    %pushi/real 1677721600, 4072; load=100.000
    %cmp/wr;
    %jmp/0xz  T_16.2, 5;
    %vpi_call 3 195 "$error", "TIMING VIOLATION: Setup time was %f ns. (Required > %f ns)", v0x5587cf182970_0, P_0x5587cf0a1c20 {0 0 0};
T_16.2 ;
T_16.0 ;
    %jmp T_16;
    .thread T_16;
    .scope S_0x5587cf15c9e0;
T_17 ;
    %wait E_0x5587cf0e51b0;
    %load/vec4 v0x5587cf182730_0;
    %cmpi/e 0, 0, 1;
    %jmp/0xz  T_17.0, 4;
    %load/vec4 v0x5587cf17f650_0;
    %load/vec4 v0x5587cf181520_0;
    %pad/u 6;
    %pushi/vec4 6, 0, 6;
    %cmp/e;
    %flag_get/vec4 4;
    %load/vec4 v0x5587cf181520_0;
    %pad/u 6;
    %pushi/vec4 3, 0, 6;
    %cmp/e;
    %flag_get/vec4 4;
    %or;
    %load/vec4 v0x5587cf181520_0;
    %pad/u 6;
    %pushi/vec4 4, 0, 6;
    %cmp/e;
    %flag_get/vec4 4;
    %or;
    %and;
    %flag_set/vec4 8;
    %jmp/0xz  T_17.2, 8;
    %vpi_func/r 3 206 "$realtime" {0 0 0};
    %load/real v0x5587cf182a10_0;
    %sub/wr;
    %store/real v0x5587cf181e50_0;
    %load/real v0x5587cf181e50_0;
    %pushi/real 0, 4065; load=0.00000
    %cmp/wr;
    %jmp/0xz  T_17.4, 5;
    %vpi_call 3 208 "$error", "TIMING VIOLATION: Hold time was %f ns. (Required > %f ns)", v0x5587cf181e50_0, P_0x5587cf0a1be0 {0 0 0};
T_17.4 ;
T_17.2 ;
T_17.0 ;
    %jmp T_17;
    .thread T_17, $push;
# The file index is used to find the file name in the following table.
:file_names 4;
    "N/A";
    "<interactive>";
    "mpu.v";
    "tb_i2C_master.v";
